19-Mar-2020 21:23:22.045 INFO [main] org.apache.catalina.startup.VersionLoggerListener.log Server version:        Apache Tomcat/8.5.43
19-Mar-2020 21:23:22.140 INFO [main] org.apache.catalina.startup.VersionLoggerListener.log Server built:          Jul 4 2019 20:53:15 UTC
19-Mar-2020 21:23:22.142 INFO [main] org.apache.catalina.startup.VersionLoggerListener.log Server number:         8.5.43.0
19-Mar-2020 21:23:22.147 INFO [main] org.apache.catalina.startup.VersionLoggerListener.log OS Name:               Linux
19-Mar-2020 21:23:22.166 INFO [main] org.apache.catalina.startup.VersionLoggerListener.log OS Version:            4.19.76-linuxkit
19-Mar-2020 21:23:22.170 INFO [main] org.apache.catalina.startup.VersionLoggerListener.log Architecture:          amd64
19-Mar-2020 21:23:22.175 INFO [main] org.apache.catalina.startup.VersionLoggerListener.log Java Home:             /usr/java/jdk-11.0.1
19-Mar-2020 21:23:22.179 INFO [main] org.apache.catalina.startup.VersionLoggerListener.log JVM Version:           11.0.1+13
19-Mar-2020 21:23:22.184 INFO [main] org.apache.catalina.startup.VersionLoggerListener.log JVM Vendor:            Oracle Corporation
19-Mar-2020 21:23:22.191 INFO [main] org.apache.catalina.startup.VersionLoggerListener.log CATALINA_BASE:         /usr/local/tomcat
19-Mar-2020 21:23:22.194 INFO [main] org.apache.catalina.startup.VersionLoggerListener.log CATALINA_HOME:         /usr/local/tomcat
19-Mar-2020 21:23:22.198 INFO [main] org.apache.catalina.startup.VersionLoggerListener.log Command line argument: --add-opens=java.base/java.lang=ALL-UNNAMED
19-Mar-2020 21:23:22.205 INFO [main] org.apache.catalina.startup.VersionLoggerListener.log Command line argument: --add-opens=java.base/java.io=ALL-UNNAMED
19-Mar-2020 21:23:22.209 INFO [main] org.apache.catalina.startup.VersionLoggerListener.log Command line argument: --add-opens=java.rmi/sun.rmi.transport=ALL-UNNAMED
19-Mar-2020 21:23:22.215 INFO [main] org.apache.catalina.startup.VersionLoggerListener.log Command line argument: -Djava.util.logging.config.file=/usr/local/tomcat/conf/logging.properties
19-Mar-2020 21:23:22.220 INFO [main] org.apache.catalina.startup.VersionLoggerListener.log Command line argument: -Djava.util.logging.manager=org.apache.juli.ClassLoaderLogManager
19-Mar-2020 21:23:22.225 INFO [main] org.apache.catalina.startup.VersionLoggerListener.log Command line argument: -Xms464m
19-Mar-2020 21:23:22.231 INFO [main] org.apache.catalina.startup.VersionLoggerListener.log Command line argument: -Xmx464m
19-Mar-2020 21:23:22.237 INFO [main] org.apache.catalina.startup.VersionLoggerListener.log Command line argument: -Dalfresco.context=alfresco
19-Mar-2020 21:23:22.243 INFO [main] org.apache.catalina.startup.VersionLoggerListener.log Command line argument: -Dalfresco.protocol=http
19-Mar-2020 21:23:22.250 INFO [main] org.apache.catalina.startup.VersionLoggerListener.log Command line argument: -Djdk.tls.ephemeralDHKeySize=2048
19-Mar-2020 21:23:22.255 INFO [main] org.apache.catalina.startup.VersionLoggerListener.log Command line argument: -Djava.protocol.handler.pkgs=org.apache.catalina.webresources
19-Mar-2020 21:23:22.259 INFO [main] org.apache.catalina.startup.VersionLoggerListener.log Command line argument: -Dorg.apache.catalina.security.SecurityListener.UMASK=0027
19-Mar-2020 21:23:22.264 INFO [main] org.apache.catalina.startup.VersionLoggerListener.log Command line argument: -Dignore.endorsed.dirs=
19-Mar-2020 21:23:22.274 INFO [main] org.apache.catalina.startup.VersionLoggerListener.log Command line argument: -Dcatalina.base=/usr/local/tomcat
19-Mar-2020 21:23:22.275 INFO [main] org.apache.catalina.startup.VersionLoggerListener.log Command line argument: -Dcatalina.home=/usr/local/tomcat
19-Mar-2020 21:23:22.278 INFO [main] org.apache.catalina.startup.VersionLoggerListener.log Command line argument: -Djava.io.tmpdir=/usr/local/tomcat/temp
19-Mar-2020 21:23:22.284 INFO [main] org.apache.catalina.core.AprLifecycleListener.lifecycleEvent Loaded APR based Apache Tomcat Native library [1.2.23] using APR version [1.4.8].
19-Mar-2020 21:23:22.292 INFO [main] org.apache.catalina.core.AprLifecycleListener.lifecycleEvent APR capabilities: IPv6 [true], sendfile [true], accept filters [false], random [true].
19-Mar-2020 21:23:22.294 INFO [main] org.apache.catalina.core.AprLifecycleListener.lifecycleEvent APR/OpenSSL configuration: useAprConnector [false], useOpenSSL [true]
19-Mar-2020 21:23:22.317 INFO [main] org.apache.catalina.core.AprLifecycleListener.initializeSSL OpenSSL successfully initialized [OpenSSL 1.0.2k-fips  26 Jan 2017]
19-Mar-2020 21:23:22.718 INFO [main] org.apache.coyote.AbstractProtocol.init Initializing ProtocolHandler ["http-nio-8080"]
19-Mar-2020 21:23:23.010 INFO [main] org.apache.tomcat.util.net.NioSelectorPool.getSharedSelector Using a shared selector for servlet write/read
19-Mar-2020 21:23:23.361 INFO [main] org.apache.coyote.AbstractProtocol.init Initializing ProtocolHandler ["ajp-nio-8009"]
19-Mar-2020 21:23:23.380 INFO [main] org.apache.tomcat.util.net.NioSelectorPool.getSharedSelector Using a shared selector for servlet write/read
19-Mar-2020 21:23:23.420 INFO [main] org.apache.catalina.startup.Catalina.load Initialization processed in 8313 ms
19-Mar-2020 21:23:23.997 INFO [main] org.apache.catalina.core.StandardService.startInternal Starting service [Catalina]
19-Mar-2020 21:23:24.003 INFO [main] org.apache.catalina.core.StandardEngine.startInternal Starting Servlet Engine: Apache Tomcat/8.5.43
19-Mar-2020 21:23:24.082 INFO [localhost-startStop-1] org.apache.catalina.startup.HostConfig.deployDirectory Deploying web application directory [/usr/local/tomcat/webapps/share]
19-Mar-2020 21:23:33.474 INFO [localhost-startStop-1] org.apache.jasper.servlet.TldScanner.scanJars At least one JAR was scanned for TLDs yet contained no TLDs. Enable debug logging for this logger for a complete list of JARs that were scanned but no TLDs were found in them. Skipping unneeded JARs during scanning can improve startup time and JSP compilation time.
19-Mar-2020 21:23:42.451 INFO [localhost-startStop-1] org.apache.catalina.startup.HostConfig.deployDirectory Deployment of web application directory [/usr/local/tomcat/webapps/share] has finished in [18,369] ms
19-Mar-2020 21:23:42.456 INFO [main] org.apache.coyote.AbstractProtocol.start Starting ProtocolHandler ["http-nio-8080"]
19-Mar-2020 21:23:42.472 INFO [main] org.apache.coyote.AbstractProtocol.start Starting ProtocolHandler ["ajp-nio-8009"]
19-Mar-2020 21:23:42.498 INFO [main] org.apache.catalina.startup.Catalina.start Server startup in 19077 ms
19-Mar-2020 21:24:05.026 INFO [main] org.apache.catalina.startup.VersionLoggerListener.log Server version:        Apache Tomcat/8.5.43
19-Mar-2020 21:24:05.079 INFO [main] org.apache.catalina.startup.VersionLoggerListener.log Server built:          Jul 4 2019 20:53:15 UTC
19-Mar-2020 21:24:05.082 INFO [main] org.apache.catalina.startup.VersionLoggerListener.log Server number:         8.5.43.0
19-Mar-2020 21:24:05.087 INFO [main] org.apache.catalina.startup.VersionLoggerListener.log OS Name:               Linux
19-Mar-2020 21:24:05.092 INFO [main] org.apache.catalina.startup.VersionLoggerListener.log OS Version:            4.19.76-linuxkit
19-Mar-2020 21:24:05.099 INFO [main] org.apache.catalina.startup.VersionLoggerListener.log Architecture:          amd64
19-Mar-2020 21:24:05.113 INFO [main] org.apache.catalina.startup.VersionLoggerListener.log Java Home:             /usr/java/jdk-11.0.1
19-Mar-2020 21:24:05.117 INFO [main] org.apache.catalina.startup.VersionLoggerListener.log JVM Version:           11.0.1+13
19-Mar-2020 21:24:05.121 INFO [main] org.apache.catalina.startup.VersionLoggerListener.log JVM Vendor:            Oracle Corporation
19-Mar-2020 21:24:05.124 INFO [main] org.apache.catalina.startup.VersionLoggerListener.log CATALINA_BASE:         /usr/local/tomcat
19-Mar-2020 21:24:05.130 INFO [main] org.apache.catalina.startup.VersionLoggerListener.log CATALINA_HOME:         /usr/local/tomcat
19-Mar-2020 21:24:05.140 INFO [main] org.apache.catalina.startup.VersionLoggerListener.log Command line argument: --add-opens=java.base/java.lang=ALL-UNNAMED
19-Mar-2020 21:24:05.154 INFO [main] org.apache.catalina.startup.VersionLoggerListener.log Command line argument: --add-opens=java.base/java.io=ALL-UNNAMED
19-Mar-2020 21:24:05.162 INFO [main] org.apache.catalina.startup.VersionLoggerListener.log Command line argument: --add-opens=java.rmi/sun.rmi.transport=ALL-UNNAMED
19-Mar-2020 21:24:05.181 INFO [main] org.apache.catalina.startup.VersionLoggerListener.log Command line argument: -Djava.util.logging.config.file=/usr/local/tomcat/conf/logging.properties
19-Mar-2020 21:24:05.190 INFO [main] org.apache.catalina.startup.VersionLoggerListener.log Command line argument: -Djava.util.logging.manager=org.apache.juli.ClassLoaderLogManager
19-Mar-2020 21:24:05.193 INFO [main] org.apache.catalina.startup.VersionLoggerListener.log Command line argument: -Xms464m
19-Mar-2020 21:24:05.196 INFO [main] org.apache.catalina.startup.VersionLoggerListener.log Command line argument: -Xmx464m
19-Mar-2020 21:24:05.197 INFO [main] org.apache.catalina.startup.VersionLoggerListener.log Command line argument: -Dalfresco.context=alfresco
19-Mar-2020 21:24:05.207 INFO [main] org.apache.catalina.startup.VersionLoggerListener.log Command line argument: -Dalfresco.protocol=http
19-Mar-2020 21:24:05.216 INFO [main] org.apache.catalina.startup.VersionLoggerListener.log Command line argument: -Djdk.tls.ephemeralDHKeySize=2048
19-Mar-2020 21:24:05.224 INFO [main] org.apache.catalina.startup.VersionLoggerListener.log Command line argument: -Djava.protocol.handler.pkgs=org.apache.catalina.webresources
19-Mar-2020 21:24:05.241 INFO [main] org.apache.catalina.startup.VersionLoggerListener.log Command line argument: -Dorg.apache.catalina.security.SecurityListener.UMASK=0027
19-Mar-2020 21:24:05.243 INFO [main] org.apache.catalina.startup.VersionLoggerListener.log Command line argument: -Dignore.endorsed.dirs=
19-Mar-2020 21:24:05.250 INFO [main] org.apache.catalina.startup.VersionLoggerListener.log Command line argument: -Dcatalina.base=/usr/local/tomcat
19-Mar-2020 21:24:05.261 INFO [main] org.apache.catalina.startup.VersionLoggerListener.log Command line argument: -Dcatalina.home=/usr/local/tomcat
19-Mar-2020 21:24:05.262 INFO [main] org.apache.catalina.startup.VersionLoggerListener.log Command line argument: -Djava.io.tmpdir=/usr/local/tomcat/temp
19-Mar-2020 21:24:05.263 INFO [main] org.apache.catalina.core.AprLifecycleListener.lifecycleEvent Loaded APR based Apache Tomcat Native library [1.2.23] using APR version [1.4.8].
19-Mar-2020 21:24:05.265 INFO [main] org.apache.catalina.core.AprLifecycleListener.lifecycleEvent APR capabilities: IPv6 [true], sendfile [true], accept filters [false], random [true].
19-Mar-2020 21:24:05.273 INFO [main] org.apache.catalina.core.AprLifecycleListener.lifecycleEvent APR/OpenSSL configuration: useAprConnector [false], useOpenSSL [true]
19-Mar-2020 21:24:05.322 INFO [main] org.apache.catalina.core.AprLifecycleListener.initializeSSL OpenSSL successfully initialized [OpenSSL 1.0.2k-fips  26 Jan 2017]
19-Mar-2020 21:24:05.872 INFO [main] org.apache.coyote.AbstractProtocol.init Initializing ProtocolHandler ["http-nio-8080"]
19-Mar-2020 21:24:06.054 INFO [main] org.apache.tomcat.util.net.NioSelectorPool.getSharedSelector Using a shared selector for servlet write/read
19-Mar-2020 21:24:06.249 INFO [main] org.apache.coyote.AbstractProtocol.init Initializing ProtocolHandler ["ajp-nio-8009"]
19-Mar-2020 21:24:06.275 INFO [main] org.apache.tomcat.util.net.NioSelectorPool.getSharedSelector Using a shared selector for servlet write/read
19-Mar-2020 21:24:06.285 INFO [main] org.apache.catalina.startup.Catalina.load Initialization processed in 7886 ms
19-Mar-2020 21:24:06.985 INFO [main] org.apache.catalina.core.StandardService.startInternal Starting service [Catalina]
19-Mar-2020 21:24:07.005 INFO [main] org.apache.catalina.core.StandardEngine.startInternal Starting Servlet Engine: Apache Tomcat/8.5.43
19-Mar-2020 21:24:07.088 INFO [localhost-startStop-1] org.apache.catalina.startup.HostConfig.deployDirectory Deploying web application directory [/usr/local/tomcat/webapps/share]
19-Mar-2020 21:24:36.887 INFO [localhost-startStop-1] org.apache.jasper.servlet.TldScanner.scanJars At least one JAR was scanned for TLDs yet contained no TLDs. Enable debug logging for this logger for a complete list of JARs that were scanned but no TLDs were found in them. Skipping unneeded JARs during scanning can improve startup time and JSP compilation time.
19-Mar-2020 21:24:52.714 INFO [localhost-startStop-1] org.apache.catalina.startup.HostConfig.deployDirectory Deployment of web application directory [/usr/local/tomcat/webapps/share] has finished in [45,625] ms
19-Mar-2020 21:24:52.720 INFO [main] org.apache.coyote.AbstractProtocol.start Starting ProtocolHandler ["http-nio-8080"]
19-Mar-2020 21:24:52.777 INFO [main] org.apache.coyote.AbstractProtocol.start Starting ProtocolHandler ["ajp-nio-8009"]
19-Mar-2020 21:24:52.781 INFO [main] org.apache.catalina.startup.Catalina.start Server startup in 46485 ms
19-Mar-2020 21:25:16.396 INFO [main] org.apache.catalina.startup.VersionLoggerListener.log Server version:        Apache Tomcat/8.5.43
19-Mar-2020 21:25:16.460 INFO [main] org.apache.catalina.startup.VersionLoggerListener.log Server built:          Jul 4 2019 20:53:15 UTC
19-Mar-2020 21:25:16.460 INFO [main] org.apache.catalina.startup.VersionLoggerListener.log Server number:         8.5.43.0
19-Mar-2020 21:25:16.460 INFO [main] org.apache.catalina.startup.VersionLoggerListener.log OS Name:               Linux
19-Mar-2020 21:25:16.461 INFO [main] org.apache.catalina.startup.VersionLoggerListener.log OS Version:            4.19.76-linuxkit
19-Mar-2020 21:25:16.461 INFO [main] org.apache.catalina.startup.VersionLoggerListener.log Architecture:          amd64
19-Mar-2020 21:25:16.461 INFO [main] org.apache.catalina.startup.VersionLoggerListener.log Java Home:             /usr/java/jdk-11.0.1
19-Mar-2020 21:25:16.461 INFO [main] org.apache.catalina.startup.VersionLoggerListener.log JVM Version:           11.0.1+13
19-Mar-2020 21:25:16.461 INFO [main] org.apache.catalina.startup.VersionLoggerListener.log JVM Vendor:            Oracle Corporation
19-Mar-2020 21:25:16.470 INFO [main] org.apache.catalina.startup.VersionLoggerListener.log CATALINA_BASE:         /usr/local/tomcat
19-Mar-2020 21:25:16.489 INFO [main] org.apache.catalina.startup.VersionLoggerListener.log CATALINA_HOME:         /usr/local/tomcat
19-Mar-2020 21:25:16.498 INFO [main] org.apache.catalina.startup.VersionLoggerListener.log Command line argument: --add-opens=java.base/java.lang=ALL-UNNAMED
19-Mar-2020 21:25:16.505 INFO [main] org.apache.catalina.startup.VersionLoggerListener.log Command line argument: --add-opens=java.base/java.io=ALL-UNNAMED
19-Mar-2020 21:25:16.526 INFO [main] org.apache.catalina.startup.VersionLoggerListener.log Command line argument: --add-opens=java.rmi/sun.rmi.transport=ALL-UNNAMED
19-Mar-2020 21:25:16.530 INFO [main] org.apache.catalina.startup.VersionLoggerListener.log Command line argument: -Djava.util.logging.config.file=/usr/local/tomcat/conf/logging.properties
19-Mar-2020 21:25:16.533 INFO [main] org.apache.catalina.startup.VersionLoggerListener.log Command line argument: -Djava.util.logging.manager=org.apache.juli.ClassLoaderLogManager
19-Mar-2020 21:25:16.557 INFO [main] org.apache.catalina.startup.VersionLoggerListener.log Command line argument: -Xms464m
19-Mar-2020 21:25:16.559 INFO [main] org.apache.catalina.startup.VersionLoggerListener.log Command line argument: -Xmx464m
19-Mar-2020 21:25:16.564 INFO [main] org.apache.catalina.startup.VersionLoggerListener.log Command line argument: -Dalfresco.context=alfresco
19-Mar-2020 21:25:16.571 INFO [main] org.apache.catalina.startup.VersionLoggerListener.log Command line argument: -Dalfresco.protocol=http
19-Mar-2020 21:25:16.578 INFO [main] org.apache.catalina.startup.VersionLoggerListener.log Command line argument: -Djdk.tls.ephemeralDHKeySize=2048
19-Mar-2020 21:25:16.582 INFO [main] org.apache.catalina.startup.VersionLoggerListener.log Command line argument: -Djava.protocol.handler.pkgs=org.apache.catalina.webresources
19-Mar-2020 21:25:16.587 INFO [main] org.apache.catalina.startup.VersionLoggerListener.log Command line argument: -Dorg.apache.catalina.security.SecurityListener.UMASK=0027
19-Mar-2020 21:25:16.594 INFO [main] org.apache.catalina.startup.VersionLoggerListener.log Command line argument: -Dignore.endorsed.dirs=
19-Mar-2020 21:25:16.604 INFO [main] org.apache.catalina.startup.VersionLoggerListener.log Command line argument: -Dcatalina.base=/usr/local/tomcat
19-Mar-2020 21:25:16.609 INFO [main] org.apache.catalina.startup.VersionLoggerListener.log Command line argument: -Dcatalina.home=/usr/local/tomcat
19-Mar-2020 21:25:16.627 INFO [main] org.apache.catalina.startup.VersionLoggerListener.log Command line argument: -Djava.io.tmpdir=/usr/local/tomcat/temp
19-Mar-2020 21:25:16.629 INFO [main] org.apache.catalina.core.AprLifecycleListener.lifecycleEvent Loaded APR based Apache Tomcat Native library [1.2.23] using APR version [1.4.8].
19-Mar-2020 21:25:16.632 INFO [main] org.apache.catalina.core.AprLifecycleListener.lifecycleEvent APR capabilities: IPv6 [true], sendfile [true], accept filters [false], random [true].
19-Mar-2020 21:25:16.636 INFO [main] org.apache.catalina.core.AprLifecycleListener.lifecycleEvent APR/OpenSSL configuration: useAprConnector [false], useOpenSSL [true]
19-Mar-2020 21:25:16.679 INFO [main] org.apache.catalina.core.AprLifecycleListener.initializeSSL OpenSSL successfully initialized [OpenSSL 1.0.2k-fips  26 Jan 2017]
19-Mar-2020 21:25:17.099 INFO [main] org.apache.coyote.AbstractProtocol.init Initializing ProtocolHandler ["http-nio-8080"]
19-Mar-2020 21:25:17.238 INFO [main] org.apache.tomcat.util.net.NioSelectorPool.getSharedSelector Using a shared selector for servlet write/read
19-Mar-2020 21:25:17.504 INFO [main] org.apache.coyote.AbstractProtocol.init Initializing ProtocolHandler ["ajp-nio-8009"]
19-Mar-2020 21:25:17.537 INFO [main] org.apache.tomcat.util.net.NioSelectorPool.getSharedSelector Using a shared selector for servlet write/read
19-Mar-2020 21:25:17.544 INFO [main] org.apache.catalina.startup.Catalina.load Initialization processed in 9379 ms
19-Mar-2020 21:25:18.569 INFO [main] org.apache.catalina.core.StandardService.startInternal Starting service [Catalina]
19-Mar-2020 21:25:18.580 INFO [main] org.apache.catalina.core.StandardEngine.startInternal Starting Servlet Engine: Apache Tomcat/8.5.43
19-Mar-2020 21:25:18.765 INFO [localhost-startStop-1] org.apache.catalina.startup.HostConfig.deployDirectory Deploying web application directory [/usr/local/tomcat/webapps/share]
19-Mar-2020 21:25:47.155 INFO [localhost-startStop-1] org.apache.jasper.servlet.TldScanner.scanJars At least one JAR was scanned for TLDs yet contained no TLDs. Enable debug logging for this logger for a complete list of JARs that were scanned but no TLDs were found in them. Skipping unneeded JARs during scanning can improve startup time and JSP compilation time.
19-Mar-2020 21:26:01.063 INFO [localhost-startStop-1] org.apache.catalina.startup.HostConfig.deployDirectory Deployment of web application directory [/usr/local/tomcat/webapps/share] has finished in [42,295] ms
19-Mar-2020 21:26:01.075 INFO [main] org.apache.coyote.AbstractProtocol.start Starting ProtocolHandler ["http-nio-8080"]
19-Mar-2020 21:26:01.096 INFO [main] org.apache.coyote.AbstractProtocol.start Starting ProtocolHandler ["ajp-nio-8009"]
19-Mar-2020 21:26:01.098 INFO [main] org.apache.catalina.startup.Catalina.start Server startup in 43538 ms
19-Mar-2020 21:27:47.038 INFO [main] org.apache.catalina.startup.VersionLoggerListener.log Server version:        Apache Tomcat/8.5.43
19-Mar-2020 21:27:47.103 INFO [main] org.apache.catalina.startup.VersionLoggerListener.log Server built:          Jul 4 2019 20:53:15 UTC
19-Mar-2020 21:27:47.103 INFO [main] org.apache.catalina.startup.VersionLoggerListener.log Server number:         8.5.43.0
19-Mar-2020 21:27:47.103 INFO [main] org.apache.catalina.startup.VersionLoggerListener.log OS Name:               Linux
19-Mar-2020 21:27:47.103 INFO [main] org.apache.catalina.startup.VersionLoggerListener.log OS Version:            4.19.76-linuxkit
19-Mar-2020 21:27:47.103 INFO [main] org.apache.catalina.startup.VersionLoggerListener.log Architecture:          amd64
19-Mar-2020 21:27:47.104 INFO [main] org.apache.catalina.startup.VersionLoggerListener.log Java Home:             /usr/java/jdk-11.0.1
19-Mar-2020 21:27:47.104 INFO [main] org.apache.catalina.startup.VersionLoggerListener.log JVM Version:           11.0.1+13
19-Mar-2020 21:27:47.104 INFO [main] org.apache.catalina.startup.VersionLoggerListener.log JVM Vendor:            Oracle Corporation
19-Mar-2020 21:27:47.104 INFO [main] org.apache.catalina.startup.VersionLoggerListener.log CATALINA_BASE:         /usr/local/tomcat
19-Mar-2020 21:27:47.104 INFO [main] org.apache.catalina.startup.VersionLoggerListener.log CATALINA_HOME:         /usr/local/tomcat
19-Mar-2020 21:27:47.138 INFO [main] org.apache.catalina.startup.VersionLoggerListener.log Command line argument: --add-opens=java.base/java.lang=ALL-UNNAMED
19-Mar-2020 21:27:47.146 INFO [main] org.apache.catalina.startup.VersionLoggerListener.log Command line argument: --add-opens=java.base/java.io=ALL-UNNAMED
19-Mar-2020 21:27:47.152 INFO [main] org.apache.catalina.startup.VersionLoggerListener.log Command line argument: --add-opens=java.rmi/sun.rmi.transport=ALL-UNNAMED
19-Mar-2020 21:27:47.153 INFO [main] org.apache.catalina.startup.VersionLoggerListener.log Command line argument: -Djava.util.logging.config.file=/usr/local/tomcat/conf/logging.properties
19-Mar-2020 21:27:47.153 INFO [main] org.apache.catalina.startup.VersionLoggerListener.log Command line argument: -Djava.util.logging.manager=org.apache.juli.ClassLoaderLogManager
19-Mar-2020 21:27:47.168 INFO [main] org.apache.catalina.startup.VersionLoggerListener.log Command line argument: -Xms464m
19-Mar-2020 21:27:47.181 INFO [main] org.apache.catalina.startup.VersionLoggerListener.log Command line argument: -Xmx464m
19-Mar-2020 21:27:47.184 INFO [main] org.apache.catalina.startup.VersionLoggerListener.log Command line argument: -Dalfresco.context=alfresco
19-Mar-2020 21:27:47.188 INFO [main] org.apache.catalina.startup.VersionLoggerListener.log Command line argument: -Dalfresco.protocol=http
19-Mar-2020 21:27:47.193 INFO [main] org.apache.catalina.startup.VersionLoggerListener.log Command line argument: -Djdk.tls.ephemeralDHKeySize=2048
19-Mar-2020 21:27:47.198 INFO [main] org.apache.catalina.startup.VersionLoggerListener.log Command line argument: -Djava.protocol.handler.pkgs=org.apache.catalina.webresources
19-Mar-2020 21:27:47.213 INFO [main] org.apache.catalina.startup.VersionLoggerListener.log Command line argument: -Dorg.apache.catalina.security.SecurityListener.UMASK=0027
19-Mar-2020 21:27:47.216 INFO [main] org.apache.catalina.startup.VersionLoggerListener.log Command line argument: -Dignore.endorsed.dirs=
19-Mar-2020 21:27:47.221 INFO [main] org.apache.catalina.startup.VersionLoggerListener.log Command line argument: -Dcatalina.base=/usr/local/tomcat
19-Mar-2020 21:27:47.228 INFO [main] org.apache.catalina.startup.VersionLoggerListener.log Command line argument: -Dcatalina.home=/usr/local/tomcat
19-Mar-2020 21:27:47.237 INFO [main] org.apache.catalina.startup.VersionLoggerListener.log Command line argument: -Djava.io.tmpdir=/usr/local/tomcat/temp
19-Mar-2020 21:27:47.241 INFO [main] org.apache.catalina.core.AprLifecycleListener.lifecycleEvent Loaded APR based Apache Tomcat Native library [1.2.23] using APR version [1.4.8].
19-Mar-2020 21:27:47.246 INFO [main] org.apache.catalina.core.AprLifecycleListener.lifecycleEvent APR capabilities: IPv6 [true], sendfile [true], accept filters [false], random [true].
19-Mar-2020 21:27:47.253 INFO [main] org.apache.catalina.core.AprLifecycleListener.lifecycleEvent APR/OpenSSL configuration: useAprConnector [false], useOpenSSL [true]
19-Mar-2020 21:27:47.311 INFO [main] org.apache.catalina.core.AprLifecycleListener.initializeSSL OpenSSL successfully initialized [OpenSSL 1.0.2k-fips  26 Jan 2017]
19-Mar-2020 21:27:47.821 INFO [main] org.apache.coyote.AbstractProtocol.init Initializing ProtocolHandler ["http-nio-8080"]
19-Mar-2020 21:27:47.991 INFO [main] org.apache.tomcat.util.net.NioSelectorPool.getSharedSelector Using a shared selector for servlet write/read
19-Mar-2020 21:27:48.144 INFO [main] org.apache.coyote.AbstractProtocol.init Initializing ProtocolHandler ["ajp-nio-8009"]
19-Mar-2020 21:27:48.162 INFO [main] org.apache.tomcat.util.net.NioSelectorPool.getSharedSelector Using a shared selector for servlet write/read
19-Mar-2020 21:27:48.169 INFO [main] org.apache.catalina.startup.Catalina.load Initialization processed in 8546 ms
19-Mar-2020 21:27:48.890 INFO [main] org.apache.catalina.core.StandardService.startInternal Starting service [Catalina]
19-Mar-2020 21:27:48.901 INFO [main] org.apache.catalina.core.StandardEngine.startInternal Starting Servlet Engine: Apache Tomcat/8.5.43
19-Mar-2020 21:27:49.004 INFO [localhost-startStop-1] org.apache.catalina.startup.HostConfig.deployDirectory Deploying web application directory [/usr/local/tomcat/webapps/share]
19-Mar-2020 21:28:02.330 INFO [localhost-startStop-1] org.apache.jasper.servlet.TldScanner.scanJars At least one JAR was scanned for TLDs yet contained no TLDs. Enable debug logging for this logger for a complete list of JARs that were scanned but no TLDs were found in them. Skipping unneeded JARs during scanning can improve startup time and JSP compilation time.
19-Mar-2020 21:28:11.324 INFO [localhost-startStop-1] org.apache.catalina.startup.HostConfig.deployDirectory Deployment of web application directory [/usr/local/tomcat/webapps/share] has finished in [22,314] ms
19-Mar-2020 21:28:11.331 INFO [main] org.apache.coyote.AbstractProtocol.start Starting ProtocolHandler ["http-nio-8080"]
19-Mar-2020 21:28:11.375 INFO [main] org.apache.coyote.AbstractProtocol.start Starting ProtocolHandler ["ajp-nio-8009"]
19-Mar-2020 21:28:11.381 INFO [main] org.apache.catalina.startup.Catalina.start Server startup in 23204 ms
19-Mar-2020 21:30:15.201 INFO [main] org.apache.catalina.startup.VersionLoggerListener.log Server version:        Apache Tomcat/8.5.43
19-Mar-2020 21:30:15.241 INFO [main] org.apache.catalina.startup.VersionLoggerListener.log Server built:          Jul 4 2019 20:53:15 UTC
19-Mar-2020 21:30:15.248 INFO [main] org.apache.catalina.startup.VersionLoggerListener.log Server number:         8.5.43.0
19-Mar-2020 21:30:15.248 INFO [main] org.apache.catalina.startup.VersionLoggerListener.log OS Name:               Linux
19-Mar-2020 21:30:15.251 INFO [main] org.apache.catalina.startup.VersionLoggerListener.log OS Version:            4.19.76-linuxkit
19-Mar-2020 21:30:15.251 INFO [main] org.apache.catalina.startup.VersionLoggerListener.log Architecture:          amd64
19-Mar-2020 21:30:15.252 INFO [main] org.apache.catalina.startup.VersionLoggerListener.log Java Home:             /usr/java/jdk-11.0.1
19-Mar-2020 21:30:15.255 INFO [main] org.apache.catalina.startup.VersionLoggerListener.log JVM Version:           11.0.1+13
19-Mar-2020 21:30:15.255 INFO [main] org.apache.catalina.startup.VersionLoggerListener.log JVM Vendor:            Oracle Corporation
19-Mar-2020 21:30:15.256 INFO [main] org.apache.catalina.startup.VersionLoggerListener.log CATALINA_BASE:         /usr/local/tomcat
19-Mar-2020 21:30:15.259 INFO [main] org.apache.catalina.startup.VersionLoggerListener.log CATALINA_HOME:         /usr/local/tomcat
19-Mar-2020 21:30:15.300 INFO [main] org.apache.catalina.startup.VersionLoggerListener.log Command line argument: --add-opens=java.base/java.lang=ALL-UNNAMED
19-Mar-2020 21:30:15.300 INFO [main] org.apache.catalina.startup.VersionLoggerListener.log Command line argument: --add-opens=java.base/java.io=ALL-UNNAMED
19-Mar-2020 21:30:15.302 INFO [main] org.apache.catalina.startup.VersionLoggerListener.log Command line argument: --add-opens=java.rmi/sun.rmi.transport=ALL-UNNAMED
19-Mar-2020 21:30:15.303 INFO [main] org.apache.catalina.startup.VersionLoggerListener.log Command line argument: -Djava.util.logging.config.file=/usr/local/tomcat/conf/logging.properties
19-Mar-2020 21:30:15.308 INFO [main] org.apache.catalina.startup.VersionLoggerListener.log Command line argument: -Djava.util.logging.manager=org.apache.juli.ClassLoaderLogManager
19-Mar-2020 21:30:15.327 INFO [main] org.apache.catalina.startup.VersionLoggerListener.log Command line argument: -Xms464m
19-Mar-2020 21:30:15.342 INFO [main] org.apache.catalina.startup.VersionLoggerListener.log Command line argument: -Xmx464m
19-Mar-2020 21:30:15.345 INFO [main] org.apache.catalina.startup.VersionLoggerListener.log Command line argument: -Dalfresco.context=alfresco
19-Mar-2020 21:30:15.371 INFO [main] org.apache.catalina.startup.VersionLoggerListener.log Command line argument: -Dalfresco.protocol=http
19-Mar-2020 21:30:15.378 INFO [main] org.apache.catalina.startup.VersionLoggerListener.log Command line argument: -Djdk.tls.ephemeralDHKeySize=2048
19-Mar-2020 21:30:15.386 INFO [main] org.apache.catalina.startup.VersionLoggerListener.log Command line argument: -Djava.protocol.handler.pkgs=org.apache.catalina.webresources
19-Mar-2020 21:30:15.406 INFO [main] org.apache.catalina.startup.VersionLoggerListener.log Command line argument: -Dorg.apache.catalina.security.SecurityListener.UMASK=0027
19-Mar-2020 21:30:15.423 INFO [main] org.apache.catalina.startup.VersionLoggerListener.log Command line argument: -Dignore.endorsed.dirs=
19-Mar-2020 21:30:15.434 INFO [main] org.apache.catalina.startup.VersionLoggerListener.log Command line argument: -Dcatalina.base=/usr/local/tomcat
19-Mar-2020 21:30:15.446 INFO [main] org.apache.catalina.startup.VersionLoggerListener.log Command line argument: -Dcatalina.home=/usr/local/tomcat
19-Mar-2020 21:30:15.448 INFO [main] org.apache.catalina.startup.VersionLoggerListener.log Command line argument: -Djava.io.tmpdir=/usr/local/tomcat/temp
19-Mar-2020 21:30:15.467 INFO [main] org.apache.catalina.core.AprLifecycleListener.lifecycleEvent Loaded APR based Apache Tomcat Native library [1.2.23] using APR version [1.4.8].
19-Mar-2020 21:30:15.469 INFO [main] org.apache.catalina.core.AprLifecycleListener.lifecycleEvent APR capabilities: IPv6 [true], sendfile [true], accept filters [false], random [true].
19-Mar-2020 21:30:15.472 INFO [main] org.apache.catalina.core.AprLifecycleListener.lifecycleEvent APR/OpenSSL configuration: useAprConnector [false], useOpenSSL [true]
19-Mar-2020 21:30:15.552 INFO [main] org.apache.catalina.core.AprLifecycleListener.initializeSSL OpenSSL successfully initialized [OpenSSL 1.0.2k-fips  26 Jan 2017]
19-Mar-2020 21:30:15.989 INFO [main] org.apache.coyote.AbstractProtocol.init Initializing ProtocolHandler ["http-nio-8080"]
19-Mar-2020 21:30:16.125 INFO [main] org.apache.tomcat.util.net.NioSelectorPool.getSharedSelector Using a shared selector for servlet write/read
19-Mar-2020 21:30:16.273 INFO [main] org.apache.coyote.AbstractProtocol.init Initializing ProtocolHandler ["ajp-nio-8009"]
19-Mar-2020 21:30:16.279 INFO [main] org.apache.tomcat.util.net.NioSelectorPool.getSharedSelector Using a shared selector for servlet write/read
19-Mar-2020 21:30:16.296 INFO [main] org.apache.catalina.startup.Catalina.load Initialization processed in 7560 ms
19-Mar-2020 21:30:17.220 INFO [main] org.apache.catalina.core.StandardService.startInternal Starting service [Catalina]
19-Mar-2020 21:30:17.232 INFO [main] org.apache.catalina.core.StandardEngine.startInternal Starting Servlet Engine: Apache Tomcat/8.5.43
19-Mar-2020 21:30:17.347 INFO [localhost-startStop-1] org.apache.catalina.startup.HostConfig.deployDirectory Deploying web application directory [/usr/local/tomcat/webapps/share]
19-Mar-2020 21:30:48.302 INFO [localhost-startStop-1] org.apache.jasper.servlet.TldScanner.scanJars At least one JAR was scanned for TLDs yet contained no TLDs. Enable debug logging for this logger for a complete list of JARs that were scanned but no TLDs were found in them. Skipping unneeded JARs during scanning can improve startup time and JSP compilation time.
19-Mar-2020 21:31:21.737 INFO [localhost-startStop-1] org.apache.catalina.startup.HostConfig.deployDirectory Deployment of web application directory [/usr/local/tomcat/webapps/share] has finished in [64,388] ms
19-Mar-2020 21:31:21.759 INFO [main] org.apache.coyote.AbstractProtocol.start Starting ProtocolHandler ["http-nio-8080"]
19-Mar-2020 21:31:21.848 INFO [main] org.apache.coyote.AbstractProtocol.start Starting ProtocolHandler ["ajp-nio-8009"]
19-Mar-2020 21:31:21.890 INFO [main] org.apache.catalina.startup.Catalina.start Server startup in 65590 ms
