2020-03-19 21:31:25,434 WARN  [org.springframework.web.context.support.XmlWebApplicationContext] [localhost-startStop-1] Exception encountered during context initialization - cancelling refresh attempt: org.springframework.beans.factory.BeanCreationException: Error creating bean with name 'org.springframework.beans.factory.config.CustomEditorConfigurer#0' defined in class path resource [alfresco/core-services-context.xml]: Cannot resolve reference to bean 'customPropertyEditorRegistrar' while setting bean property 'propertyEditorRegistrars' with key [0]; nested exception is org.springframework.beans.factory.BeanCreationException: Error creating bean with name 'customPropertyEditorRegistrar' defined in class path resource [alfresco/core-services-context.xml]: Cannot resolve reference to bean 'NamespaceService' while setting bean property 'namespaceService'; nested exception is org.springframework.beans.factory.BeanCreationException: Error creating bean with name 'dictionaryDAO' defined in class path resource [alfresco/core-services-context.xml]: Cannot resolve reference to bean 'tenantService' while setting bean property 'tenantService'; nested exception is org.springframework.beans.factory.BeanCreationException: Error creating bean with name 'tenantService' defined in URL [jar:file:/usr/local/tomcat/webapps/alfresco/WEB-INF/lib/alfresco-repository-7.134.1.jar!/alfresco/mt/mt-context.xml]: Cannot resolve reference to bean 'tenantAdminDAO' while setting bean property 'tenantAdminDAO'; nested exception is org.springframework.beans.factory.BeanCreationException: Error creating bean with name 'tenantAdminDAO' defined in class path resource [alfresco/dao/dao-context.xml]: Cannot resolve reference to bean 'repoSqlSessionTemplate' while setting bean property 'sqlSessionTemplate'; nested exception is org.springframework.beans.factory.BeanCreationException: Error creating bean with name 'repoSqlSessionTemplate' defined in class path resource [alfresco/ibatis/ibatis-context.xml]: Cannot resolve reference to bean 'repoSqlSessionFactory' while setting constructor argument; nested exception is org.springframework.beans.factory.BeanCreationException: Error creating bean with name 'repoSqlSessionFactory' defined in class path resource [alfresco/ibatis/ibatis-context.xml]: Cannot resolve reference to bean 'dialectResourceLoader' while setting bean property 'resourceLoader'; nested exception is org.springframework.beans.factory.BeanCreationException: Error creating bean with name 'dialectResourceLoader' defined in class path resource [alfresco/ibatis/ibatis-context.xml]: Cannot create inner bean 'org.springframework.beans.factory.config.PropertyPathFactoryBean#355c943a' of type [org.springframework.beans.factory.config.PropertyPathFactoryBean] while setting bean property 'dialectClass'; nested exception is org.springframework.beans.factory.BeanCreationException: Error creating bean with name 'org.springframework.beans.factory.config.PropertyPathFactoryBean#355c943a' defined in class path resource [alfresco/ibatis/ibatis-context.xml]: Initialization of bean failed; nested exception is org.springframework.beans.factory.BeanCreationException: Error creating bean with name 'dialect': FactoryBean threw exception on object creation; nested exception is org.springframework.jdbc.CannotGetJdbcConnectionException: Failed to obtain JDBC Connection; nested exception is org.apache.commons.dbcp.SQLNestedException: Cannot create PoolableConnectionFactory (The connection attempt failed.)
2020-03-19 21:31:25,454 ERROR [org.springframework.web.context.ContextLoader] [localhost-startStop-1] Context initialization failed
org.springframework.beans.factory.BeanCreationException: Error creating bean with name 'org.springframework.beans.factory.config.CustomEditorConfigurer#0' defined in class path resource [alfresco/core-services-context.xml]: Cannot resolve reference to bean 'customPropertyEditorRegistrar' while setting bean property 'propertyEditorRegistrars' with key [0]; nested exception is org.springframework.beans.factory.BeanCreationException: Error creating bean with name 'customPropertyEditorRegistrar' defined in class path resource [alfresco/core-services-context.xml]: Cannot resolve reference to bean 'NamespaceService' while setting bean property 'namespaceService'; nested exception is org.springframework.beans.factory.BeanCreationException: Error creating bean with name 'dictionaryDAO' defined in class path resource [alfresco/core-services-context.xml]: Cannot resolve reference to bean 'tenantService' while setting bean property 'tenantService'; nested exception is org.springframework.beans.factory.BeanCreationException: Error creating bean with name 'tenantService' defined in URL [jar:file:/usr/local/tomcat/webapps/alfresco/WEB-INF/lib/alfresco-repository-7.134.1.jar!/alfresco/mt/mt-context.xml]: Cannot resolve reference to bean 'tenantAdminDAO' while setting bean property 'tenantAdminDAO'; nested exception is org.springframework.beans.factory.BeanCreationException: Error creating bean with name 'tenantAdminDAO' defined in class path resource [alfresco/dao/dao-context.xml]: Cannot resolve reference to bean 'repoSqlSessionTemplate' while setting bean property 'sqlSessionTemplate'; nested exception is org.springframework.beans.factory.BeanCreationException: Error creating bean with name 'repoSqlSessionTemplate' defined in class path resource [alfresco/ibatis/ibatis-context.xml]: Cannot resolve reference to bean 'repoSqlSessionFactory' while setting constructor argument; nested exception is org.springframework.beans.factory.BeanCreationException: Error creating bean with name 'repoSqlSessionFactory' defined in class path resource [alfresco/ibatis/ibatis-context.xml]: Cannot resolve reference to bean 'dialectResourceLoader' while setting bean property 'resourceLoader'; nested exception is org.springframework.beans.factory.BeanCreationException: Error creating bean with name 'dialectResourceLoader' defined in class path resource [alfresco/ibatis/ibatis-context.xml]: Cannot create inner bean 'org.springframework.beans.factory.config.PropertyPathFactoryBean#355c943a' of type [org.springframework.beans.factory.config.PropertyPathFactoryBean] while setting bean property 'dialectClass'; nested exception is org.springframework.beans.factory.BeanCreationException: Error creating bean with name 'org.springframework.beans.factory.config.PropertyPathFactoryBean#355c943a' defined in class path resource [alfresco/ibatis/ibatis-context.xml]: Initialization of bean failed; nested exception is org.springframework.beans.factory.BeanCreationException: Error creating bean with name 'dialect': FactoryBean threw exception on object creation; nested exception is org.springframework.jdbc.CannotGetJdbcConnectionException: Failed to obtain JDBC Connection; nested exception is org.apache.commons.dbcp.SQLNestedException: Cannot create PoolableConnectionFactory (The connection attempt failed.)
	at org.springframework.beans.factory.support.BeanDefinitionValueResolver.resolveReference(BeanDefinitionValueResolver.java:314)
	at org.springframework.beans.factory.support.BeanDefinitionValueResolver.resolveValueIfNecessary(BeanDefinitionValueResolver.java:110)
	at org.springframework.beans.factory.support.BeanDefinitionValueResolver.resolveManagedList(BeanDefinitionValueResolver.java:399)
	at org.springframework.beans.factory.support.BeanDefinitionValueResolver.resolveValueIfNecessary(BeanDefinitionValueResolver.java:159)
	at org.springframework.beans.factory.support.AbstractAutowireCapableBeanFactory.applyPropertyValues(AbstractAutowireCapableBeanFactory.java:1681)
	at org.springframework.beans.factory.support.AbstractAutowireCapableBeanFactory.populateBean(AbstractAutowireCapableBeanFactory.java:1433)
	at org.springframework.beans.factory.support.AbstractAutowireCapableBeanFactory.doCreateBean(AbstractAutowireCapableBeanFactory.java:592)
	at org.springframework.beans.factory.support.AbstractAutowireCapableBeanFactory.createBean(AbstractAutowireCapableBeanFactory.java:515)
	at org.springframework.beans.factory.support.AbstractBeanFactory.lambda$doGetBean$0(AbstractBeanFactory.java:320)
	at org.springframework.beans.factory.support.DefaultSingletonBeanRegistry.getSingleton(DefaultSingletonBeanRegistry.java:222)
	at org.springframework.beans.factory.support.AbstractBeanFactory.doGetBean(AbstractBeanFactory.java:318)
	at org.springframework.beans.factory.support.AbstractBeanFactory.getBean(AbstractBeanFactory.java:204)
	at org.springframework.context.support.PostProcessorRegistrationDelegate.invokeBeanFactoryPostProcessors(PostProcessorRegistrationDelegate.java:171)
	at org.springframework.context.support.AbstractApplicationContext.invokeBeanFactoryPostProcessors(AbstractApplicationContext.java:705)
	at org.springframework.context.support.AbstractApplicationContext.refresh(AbstractApplicationContext.java:531)
	at org.springframework.web.context.ContextLoader.configureAndRefreshWebApplicationContext(ContextLoader.java:400)
	at org.springframework.web.context.ContextLoader.initWebApplicationContext(ContextLoader.java:291)
	at org.springframework.web.context.ContextLoaderListener.contextInitialized(ContextLoaderListener.java:103)
	at org.alfresco.web.app.ContextLoaderListener.contextInitialized(ContextLoaderListener.java:70)
	at org.apache.catalina.core.StandardContext.listenerStart(StandardContext.java:4699)
	at org.apache.catalina.core.StandardContext.startInternal(StandardContext.java:5165)
	at org.apache.catalina.util.LifecycleBase.start(LifecycleBase.java:150)
	at org.apache.catalina.core.ContainerBase.addChildInternal(ContainerBase.java:743)
	at org.apache.catalina.core.ContainerBase.access$000(ContainerBase.java:129)
	at org.apache.catalina.core.ContainerBase$PrivilegedAddChild.run(ContainerBase.java:150)
	at org.apache.catalina.core.ContainerBase$PrivilegedAddChild.run(ContainerBase.java:140)
	at java.base/java.security.AccessController.doPrivileged(Native Method)
	at org.apache.catalina.core.ContainerBase.addChild(ContainerBase.java:717)
	at org.apache.catalina.core.StandardHost.addChild(StandardHost.java:714)
	at org.apache.catalina.startup.HostConfig.deployDirectory(HostConfig.java:1125)
	at org.apache.catalina.startup.HostConfig$DeployDirectory.run(HostConfig.java:1859)
	at java.base/java.util.concurrent.Executors$RunnableAdapter.call(Executors.java:515)
	at java.base/java.util.concurrent.FutureTask.run(FutureTask.java:264)
	at java.base/java.util.concurrent.ThreadPoolExecutor.runWorker(ThreadPoolExecutor.java:1128)
	at java.base/java.util.concurrent.ThreadPoolExecutor$Worker.run(ThreadPoolExecutor.java:628)
	at java.base/java.lang.Thread.run(Thread.java:834)
Caused by: org.springframework.beans.factory.BeanCreationException: Error creating bean with name 'customPropertyEditorRegistrar' defined in class path resource [alfresco/core-services-context.xml]: Cannot resolve reference to bean 'NamespaceService' while setting bean property 'namespaceService'; nested exception is org.springframework.beans.factory.BeanCreationException: Error creating bean with name 'dictionaryDAO' defined in class path resource [alfresco/core-services-context.xml]: Cannot resolve reference to bean 'tenantService' while setting bean property 'tenantService'; nested exception is org.springframework.beans.factory.BeanCreationException: Error creating bean with name 'tenantService' defined in URL [jar:file:/usr/local/tomcat/webapps/alfresco/WEB-INF/lib/alfresco-repository-7.134.1.jar!/alfresco/mt/mt-context.xml]: Cannot resolve reference to bean 'tenantAdminDAO' while setting bean property 'tenantAdminDAO'; nested exception is org.springframework.beans.factory.BeanCreationException: Error creating bean with name 'tenantAdminDAO' defined in class path resource [alfresco/dao/dao-context.xml]: Cannot resolve reference to bean 'repoSqlSessionTemplate' while setting bean property 'sqlSessionTemplate'; nested exception is org.springframework.beans.factory.BeanCreationException: Error creating bean with name 'repoSqlSessionTemplate' defined in class path resource [alfresco/ibatis/ibatis-context.xml]: Cannot resolve reference to bean 'repoSqlSessionFactory' while setting constructor argument; nested exception is org.springframework.beans.factory.BeanCreationException: Error creating bean with name 'repoSqlSessionFactory' defined in class path resource [alfresco/ibatis/ibatis-context.xml]: Cannot resolve reference to bean 'dialectResourceLoader' while setting bean property 'resourceLoader'; nested exception is org.springframework.beans.factory.BeanCreationException: Error creating bean with name 'dialectResourceLoader' defined in class path resource [alfresco/ibatis/ibatis-context.xml]: Cannot create inner bean 'org.springframework.beans.factory.config.PropertyPathFactoryBean#355c943a' of type [org.springframework.beans.factory.config.PropertyPathFactoryBean] while setting bean property 'dialectClass'; nested exception is org.springframework.beans.factory.BeanCreationException: Error creating bean with name 'org.springframework.beans.factory.config.PropertyPathFactoryBean#355c943a' defined in class path resource [alfresco/ibatis/ibatis-context.xml]: Initialization of bean failed; nested exception is org.springframework.beans.factory.BeanCreationException: Error creating bean with name 'dialect': FactoryBean threw exception on object creation; nested exception is org.springframework.jdbc.CannotGetJdbcConnectionException: Failed to obtain JDBC Connection; nested exception is org.apache.commons.dbcp.SQLNestedException: Cannot create PoolableConnectionFactory (The connection attempt failed.)
	at org.springframework.beans.factory.support.BeanDefinitionValueResolver.resolveReference(BeanDefinitionValueResolver.java:314)
	at org.springframework.beans.factory.support.BeanDefinitionValueResolver.resolveValueIfNecessary(BeanDefinitionValueResolver.java:110)
	at org.springframework.beans.factory.support.AbstractAutowireCapableBeanFactory.applyPropertyValues(AbstractAutowireCapableBeanFactory.java:1681)
	at org.springframework.beans.factory.support.AbstractAutowireCapableBeanFactory.populateBean(AbstractAutowireCapableBeanFactory.java:1433)
	at org.springframework.beans.factory.support.AbstractAutowireCapableBeanFactory.doCreateBean(AbstractAutowireCapableBeanFactory.java:592)
	at org.springframework.beans.factory.support.AbstractAutowireCapableBeanFactory.createBean(AbstractAutowireCapableBeanFactory.java:515)
	at org.springframework.beans.factory.support.AbstractBeanFactory.lambda$doGetBean$0(AbstractBeanFactory.java:320)
	at org.springframework.beans.factory.support.DefaultSingletonBeanRegistry.getSingleton(DefaultSingletonBeanRegistry.java:222)
	at org.springframework.beans.factory.support.AbstractBeanFactory.doGetBean(AbstractBeanFactory.java:318)
	at org.springframework.beans.factory.support.AbstractBeanFactory.getBean(AbstractBeanFactory.java:199)
	at org.springframework.beans.factory.support.BeanDefinitionValueResolver.resolveReference(BeanDefinitionValueResolver.java:303)
	... 35 more
Caused by: org.springframework.beans.factory.BeanCreationException: Error creating bean with name 'dictionaryDAO' defined in class path resource [alfresco/core-services-context.xml]: Cannot resolve reference to bean 'tenantService' while setting bean property 'tenantService'; nested exception is org.springframework.beans.factory.BeanCreationException: Error creating bean with name 'tenantService' defined in URL [jar:file:/usr/local/tomcat/webapps/alfresco/WEB-INF/lib/alfresco-repository-7.134.1.jar!/alfresco/mt/mt-context.xml]: Cannot resolve reference to bean 'tenantAdminDAO' while setting bean property 'tenantAdminDAO'; nested exception is org.springframework.beans.factory.BeanCreationException: Error creating bean with name 'tenantAdminDAO' defined in class path resource [alfresco/dao/dao-context.xml]: Cannot resolve reference to bean 'repoSqlSessionTemplate' while setting bean property 'sqlSessionTemplate'; nested exception is org.springframework.beans.factory.BeanCreationException: Error creating bean with name 'repoSqlSessionTemplate' defined in class path resource [alfresco/ibatis/ibatis-context.xml]: Cannot resolve reference to bean 'repoSqlSessionFactory' while setting constructor argument; nested exception is org.springframework.beans.factory.BeanCreationException: Error creating bean with name 'repoSqlSessionFactory' defined in class path resource [alfresco/ibatis/ibatis-context.xml]: Cannot resolve reference to bean 'dialectResourceLoader' while setting bean property 'resourceLoader'; nested exception is org.springframework.beans.factory.BeanCreationException: Error creating bean with name 'dialectResourceLoader' defined in class path resource [alfresco/ibatis/ibatis-context.xml]: Cannot create inner bean 'org.springframework.beans.factory.config.PropertyPathFactoryBean#355c943a' of type [org.springframework.beans.factory.config.PropertyPathFactoryBean] while setting bean property 'dialectClass'; nested exception is org.springframework.beans.factory.BeanCreationException: Error creating bean with name 'org.springframework.beans.factory.config.PropertyPathFactoryBean#355c943a' defined in class path resource [alfresco/ibatis/ibatis-context.xml]: Initialization of bean failed; nested exception is org.springframework.beans.factory.BeanCreationException: Error creating bean with name 'dialect': FactoryBean threw exception on object creation; nested exception is org.springframework.jdbc.CannotGetJdbcConnectionException: Failed to obtain JDBC Connection; nested exception is org.apache.commons.dbcp.SQLNestedException: Cannot create PoolableConnectionFactory (The connection attempt failed.)
	at org.springframework.beans.factory.support.BeanDefinitionValueResolver.resolveReference(BeanDefinitionValueResolver.java:314)
	at org.springframework.beans.factory.support.BeanDefinitionValueResolver.resolveValueIfNecessary(BeanDefinitionValueResolver.java:110)
	at org.springframework.beans.factory.support.AbstractAutowireCapableBeanFactory.applyPropertyValues(AbstractAutowireCapableBeanFactory.java:1681)
	at org.springframework.beans.factory.support.AbstractAutowireCapableBeanFactory.populateBean(AbstractAutowireCapableBeanFactory.java:1433)
	at org.springframework.beans.factory.support.AbstractAutowireCapableBeanFactory.doCreateBean(AbstractAutowireCapableBeanFactory.java:592)
	at org.springframework.beans.factory.support.AbstractAutowireCapableBeanFactory.createBean(AbstractAutowireCapableBeanFactory.java:515)
	at org.springframework.beans.factory.support.AbstractBeanFactory.lambda$doGetBean$0(AbstractBeanFactory.java:320)
	at org.springframework.beans.factory.support.DefaultSingletonBeanRegistry.getSingleton(DefaultSingletonBeanRegistry.java:222)
	at org.springframework.beans.factory.support.AbstractBeanFactory.doGetBean(AbstractBeanFactory.java:318)
	at org.springframework.beans.factory.support.AbstractBeanFactory.getBean(AbstractBeanFactory.java:199)
	at org.springframework.beans.factory.support.AbstractBeanFactory.doGetBean(AbstractBeanFactory.java:307)
	at org.springframework.beans.factory.support.AbstractBeanFactory.getBean(AbstractBeanFactory.java:199)
	at org.springframework.beans.factory.support.BeanDefinitionValueResolver.resolveReference(BeanDefinitionValueResolver.java:303)
	... 45 more
Caused by: org.springframework.beans.factory.BeanCreationException: Error creating bean with name 'tenantService' defined in URL [jar:file:/usr/local/tomcat/webapps/alfresco/WEB-INF/lib/alfresco-repository-7.134.1.jar!/alfresco/mt/mt-context.xml]: Cannot resolve reference to bean 'tenantAdminDAO' while setting bean property 'tenantAdminDAO'; nested exception is org.springframework.beans.factory.BeanCreationException: Error creating bean with name 'tenantAdminDAO' defined in class path resource [alfresco/dao/dao-context.xml]: Cannot resolve reference to bean 'repoSqlSessionTemplate' while setting bean property 'sqlSessionTemplate'; nested exception is org.springframework.beans.factory.BeanCreationException: Error creating bean with name 'repoSqlSessionTemplate' defined in class path resource [alfresco/ibatis/ibatis-context.xml]: Cannot resolve reference to bean 'repoSqlSessionFactory' while setting constructor argument; nested exception is org.springframework.beans.factory.BeanCreationException: Error creating bean with name 'repoSqlSessionFactory' defined in class path resource [alfresco/ibatis/ibatis-context.xml]: Cannot resolve reference to bean 'dialectResourceLoader' while setting bean property 'resourceLoader'; nested exception is org.springframework.beans.factory.BeanCreationException: Error creating bean with name 'dialectResourceLoader' defined in class path resource [alfresco/ibatis/ibatis-context.xml]: Cannot create inner bean 'org.springframework.beans.factory.config.PropertyPathFactoryBean#355c943a' of type [org.springframework.beans.factory.config.PropertyPathFactoryBean] while setting bean property 'dialectClass'; nested exception is org.springframework.beans.factory.BeanCreationException: Error creating bean with name 'org.springframework.beans.factory.config.PropertyPathFactoryBean#355c943a' defined in class path resource [alfresco/ibatis/ibatis-context.xml]: Initialization of bean failed; nested exception is org.springframework.beans.factory.BeanCreationException: Error creating bean with name 'dialect': FactoryBean threw exception on object creation; nested exception is org.springframework.jdbc.CannotGetJdbcConnectionException: Failed to obtain JDBC Connection; nested exception is org.apache.commons.dbcp.SQLNestedException: Cannot create PoolableConnectionFactory (The connection attempt failed.)
	at org.springframework.beans.factory.support.BeanDefinitionValueResolver.resolveReference(BeanDefinitionValueResolver.java:314)
	at org.springframework.beans.factory.support.BeanDefinitionValueResolver.resolveValueIfNecessary(BeanDefinitionValueResolver.java:110)
	at org.springframework.beans.factory.support.AbstractAutowireCapableBeanFactory.applyPropertyValues(AbstractAutowireCapableBeanFactory.java:1681)
	at org.springframework.beans.factory.support.AbstractAutowireCapableBeanFactory.populateBean(AbstractAutowireCapableBeanFactory.java:1433)
	at org.springframework.beans.factory.support.AbstractAutowireCapableBeanFactory.doCreateBean(AbstractAutowireCapableBeanFactory.java:592)
	at org.springframework.beans.factory.support.AbstractAutowireCapableBeanFactory.createBean(AbstractAutowireCapableBeanFactory.java:515)
	at org.springframework.beans.factory.support.AbstractBeanFactory.lambda$doGetBean$0(AbstractBeanFactory.java:320)
	at org.springframework.beans.factory.support.DefaultSingletonBeanRegistry.getSingleton(DefaultSingletonBeanRegistry.java:222)
	at org.springframework.beans.factory.support.AbstractBeanFactory.doGetBean(AbstractBeanFactory.java:318)
	at org.springframework.beans.factory.support.AbstractBeanFactory.getBean(AbstractBeanFactory.java:199)
	at org.springframework.beans.factory.support.BeanDefinitionValueResolver.resolveReference(BeanDefinitionValueResolver.java:303)
	... 57 more
Caused by: org.springframework.beans.factory.BeanCreationException: Error creating bean with name 'tenantAdminDAO' defined in class path resource [alfresco/dao/dao-context.xml]: Cannot resolve reference to bean 'repoSqlSessionTemplate' while setting bean property 'sqlSessionTemplate'; nested exception is org.springframework.beans.factory.BeanCreationException: Error creating bean with name 'repoSqlSessionTemplate' defined in class path resource [alfresco/ibatis/ibatis-context.xml]: Cannot resolve reference to bean 'repoSqlSessionFactory' while setting constructor argument; nested exception is org.springframework.beans.factory.BeanCreationException: Error creating bean with name 'repoSqlSessionFactory' defined in class path resource [alfresco/ibatis/ibatis-context.xml]: Cannot resolve reference to bean 'dialectResourceLoader' while setting bean property 'resourceLoader'; nested exception is org.springframework.beans.factory.BeanCreationException: Error creating bean with name 'dialectResourceLoader' defined in class path resource [alfresco/ibatis/ibatis-context.xml]: Cannot create inner bean 'org.springframework.beans.factory.config.PropertyPathFactoryBean#355c943a' of type [org.springframework.beans.factory.config.PropertyPathFactoryBean] while setting bean property 'dialectClass'; nested exception is org.springframework.beans.factory.BeanCreationException: Error creating bean with name 'org.springframework.beans.factory.config.PropertyPathFactoryBean#355c943a' defined in class path resource [alfresco/ibatis/ibatis-context.xml]: Initialization of bean failed; nested exception is org.springframework.beans.factory.BeanCreationException: Error creating bean with name 'dialect': FactoryBean threw exception on object creation; nested exception is org.springframework.jdbc.CannotGetJdbcConnectionException: Failed to obtain JDBC Connection; nested exception is org.apache.commons.dbcp.SQLNestedException: Cannot create PoolableConnectionFactory (The connection attempt failed.)
	at org.springframework.beans.factory.support.BeanDefinitionValueResolver.resolveReference(BeanDefinitionValueResolver.java:314)
	at org.springframework.beans.factory.support.BeanDefinitionValueResolver.resolveValueIfNecessary(BeanDefinitionValueResolver.java:110)
	at org.springframework.beans.factory.support.AbstractAutowireCapableBeanFactory.applyPropertyValues(AbstractAutowireCapableBeanFactory.java:1681)
	at org.springframework.beans.factory.support.AbstractAutowireCapableBeanFactory.populateBean(AbstractAutowireCapableBeanFactory.java:1433)
	at org.springframework.beans.factory.support.AbstractAutowireCapableBeanFactory.doCreateBean(AbstractAutowireCapableBeanFactory.java:592)
	at org.springframework.beans.factory.support.AbstractAutowireCapableBeanFactory.createBean(AbstractAutowireCapableBeanFactory.java:515)
	at org.springframework.beans.factory.support.AbstractBeanFactory.lambda$doGetBean$0(AbstractBeanFactory.java:320)
	at org.springframework.beans.factory.support.DefaultSingletonBeanRegistry.getSingleton(DefaultSingletonBeanRegistry.java:222)
	at org.springframework.beans.factory.support.AbstractBeanFactory.doGetBean(AbstractBeanFactory.java:318)
	at org.springframework.beans.factory.support.AbstractBeanFactory.getBean(AbstractBeanFactory.java:199)
	at org.springframework.beans.factory.support.BeanDefinitionValueResolver.resolveReference(BeanDefinitionValueResolver.java:303)
	... 67 more
Caused by: org.springframework.beans.factory.BeanCreationException: Error creating bean with name 'repoSqlSessionTemplate' defined in class path resource [alfresco/ibatis/ibatis-context.xml]: Cannot resolve reference to bean 'repoSqlSessionFactory' while setting constructor argument; nested exception is org.springframework.beans.factory.BeanCreationException: Error creating bean with name 'repoSqlSessionFactory' defined in class path resource [alfresco/ibatis/ibatis-context.xml]: Cannot resolve reference to bean 'dialectResourceLoader' while setting bean property 'resourceLoader'; nested exception is org.springframework.beans.factory.BeanCreationException: Error creating bean with name 'dialectResourceLoader' defined in class path resource [alfresco/ibatis/ibatis-context.xml]: Cannot create inner bean 'org.springframework.beans.factory.config.PropertyPathFactoryBean#355c943a' of type [org.springframework.beans.factory.config.PropertyPathFactoryBean] while setting bean property 'dialectClass'; nested exception is org.springframework.beans.factory.BeanCreationException: Error creating bean with name 'org.springframework.beans.factory.config.PropertyPathFactoryBean#355c943a' defined in class path resource [alfresco/ibatis/ibatis-context.xml]: Initialization of bean failed; nested exception is org.springframework.beans.factory.BeanCreationException: Error creating bean with name 'dialect': FactoryBean threw exception on object creation; nested exception is org.springframework.jdbc.CannotGetJdbcConnectionException: Failed to obtain JDBC Connection; nested exception is org.apache.commons.dbcp.SQLNestedException: Cannot create PoolableConnectionFactory (The connection attempt failed.)
	at org.springframework.beans.factory.support.BeanDefinitionValueResolver.resolveReference(BeanDefinitionValueResolver.java:314)
	at org.springframework.beans.factory.support.BeanDefinitionValueResolver.resolveValueIfNecessary(BeanDefinitionValueResolver.java:110)
	at org.springframework.beans.factory.support.ConstructorResolver.resolveConstructorArguments(ConstructorResolver.java:662)
	at org.springframework.beans.factory.support.ConstructorResolver.autowireConstructor(ConstructorResolver.java:188)
	at org.springframework.beans.factory.support.AbstractAutowireCapableBeanFactory.autowireConstructor(AbstractAutowireCapableBeanFactory.java:1341)
	at org.springframework.beans.factory.support.AbstractAutowireCapableBeanFactory.createBeanInstance(AbstractAutowireCapableBeanFactory.java:1187)
	at org.springframework.beans.factory.support.AbstractAutowireCapableBeanFactory.doCreateBean(AbstractAutowireCapableBeanFactory.java:555)
	at org.springframework.beans.factory.support.AbstractAutowireCapableBeanFactory.createBean(AbstractAutowireCapableBeanFactory.java:515)
	at org.springframework.beans.factory.support.AbstractBeanFactory.lambda$doGetBean$0(AbstractBeanFactory.java:320)
	at org.springframework.beans.factory.support.DefaultSingletonBeanRegistry.getSingleton(DefaultSingletonBeanRegistry.java:222)
	at org.springframework.beans.factory.support.AbstractBeanFactory.doGetBean(AbstractBeanFactory.java:318)
	at org.springframework.beans.factory.support.AbstractBeanFactory.getBean(AbstractBeanFactory.java:199)
	at org.springframework.beans.factory.support.BeanDefinitionValueResolver.resolveReference(BeanDefinitionValueResolver.java:303)
	... 77 more
Caused by: org.springframework.beans.factory.BeanCreationException: Error creating bean with name 'repoSqlSessionFactory' defined in class path resource [alfresco/ibatis/ibatis-context.xml]: Cannot resolve reference to bean 'dialectResourceLoader' while setting bean property 'resourceLoader'; nested exception is org.springframework.beans.factory.BeanCreationException: Error creating bean with name 'dialectResourceLoader' defined in class path resource [alfresco/ibatis/ibatis-context.xml]: Cannot create inner bean 'org.springframework.beans.factory.config.PropertyPathFactoryBean#355c943a' of type [org.springframework.beans.factory.config.PropertyPathFactoryBean] while setting bean property 'dialectClass'; nested exception is org.springframework.beans.factory.BeanCreationException: Error creating bean with name 'org.springframework.beans.factory.config.PropertyPathFactoryBean#355c943a' defined in class path resource [alfresco/ibatis/ibatis-context.xml]: Initialization of bean failed; nested exception is org.springframework.beans.factory.BeanCreationException: Error creating bean with name 'dialect': FactoryBean threw exception on object creation; nested exception is org.springframework.jdbc.CannotGetJdbcConnectionException: Failed to obtain JDBC Connection; nested exception is org.apache.commons.dbcp.SQLNestedException: Cannot create PoolableConnectionFactory (The connection attempt failed.)
	at org.springframework.beans.factory.support.BeanDefinitionValueResolver.resolveReference(BeanDefinitionValueResolver.java:314)
	at org.springframework.beans.factory.support.BeanDefinitionValueResolver.resolveValueIfNecessary(BeanDefinitionValueResolver.java:110)
	at org.springframework.beans.factory.support.AbstractAutowireCapableBeanFactory.applyPropertyValues(AbstractAutowireCapableBeanFactory.java:1681)
	at org.springframework.beans.factory.support.AbstractAutowireCapableBeanFactory.populateBean(AbstractAutowireCapableBeanFactory.java:1433)
	at org.springframework.beans.factory.support.AbstractAutowireCapableBeanFactory.doCreateBean(AbstractAutowireCapableBeanFactory.java:592)
	at org.springframework.beans.factory.support.AbstractAutowireCapableBeanFactory.createBean(AbstractAutowireCapableBeanFactory.java:515)
	at org.springframework.beans.factory.support.AbstractBeanFactory.lambda$doGetBean$0(AbstractBeanFactory.java:320)
	at org.springframework.beans.factory.support.DefaultSingletonBeanRegistry.getSingleton(DefaultSingletonBeanRegistry.java:222)
	at org.springframework.beans.factory.support.AbstractBeanFactory.doGetBean(AbstractBeanFactory.java:318)
	at org.springframework.beans.factory.support.AbstractBeanFactory.getBean(AbstractBeanFactory.java:199)
	at org.springframework.beans.factory.support.BeanDefinitionValueResolver.resolveReference(BeanDefinitionValueResolver.java:303)
	... 89 more
Caused by: org.springframework.beans.factory.BeanCreationException: Error creating bean with name 'dialectResourceLoader' defined in class path resource [alfresco/ibatis/ibatis-context.xml]: Cannot create inner bean 'org.springframework.beans.factory.config.PropertyPathFactoryBean#355c943a' of type [org.springframework.beans.factory.config.PropertyPathFactoryBean] while setting bean property 'dialectClass'; nested exception is org.springframework.beans.factory.BeanCreationException: Error creating bean with name 'org.springframework.beans.factory.config.PropertyPathFactoryBean#355c943a' defined in class path resource [alfresco/ibatis/ibatis-context.xml]: Initialization of bean failed; nested exception is org.springframework.beans.factory.BeanCreationException: Error creating bean with name 'dialect': FactoryBean threw exception on object creation; nested exception is org.springframework.jdbc.CannotGetJdbcConnectionException: Failed to obtain JDBC Connection; nested exception is org.apache.commons.dbcp.SQLNestedException: Cannot create PoolableConnectionFactory (The connection attempt failed.)
	at org.springframework.beans.factory.support.BeanDefinitionValueResolver.resolveInnerBean(BeanDefinitionValueResolver.java:361)
	at org.springframework.beans.factory.support.BeanDefinitionValueResolver.resolveValueIfNecessary(BeanDefinitionValueResolver.java:124)
	at org.springframework.beans.factory.support.AbstractAutowireCapableBeanFactory.applyPropertyValues(AbstractAutowireCapableBeanFactory.java:1681)
	at org.springframework.beans.factory.support.AbstractAutowireCapableBeanFactory.populateBean(AbstractAutowireCapableBeanFactory.java:1433)
	at org.springframework.beans.factory.support.AbstractAutowireCapableBeanFactory.doCreateBean(AbstractAutowireCapableBeanFactory.java:592)
	at org.springframework.beans.factory.support.AbstractAutowireCapableBeanFactory.createBean(AbstractAutowireCapableBeanFactory.java:515)
	at org.springframework.beans.factory.support.AbstractBeanFactory.lambda$doGetBean$0(AbstractBeanFactory.java:320)
	at org.springframework.beans.factory.support.DefaultSingletonBeanRegistry.getSingleton(DefaultSingletonBeanRegistry.java:222)
	at org.springframework.beans.factory.support.AbstractBeanFactory.doGetBean(AbstractBeanFactory.java:318)
	at org.springframework.beans.factory.support.AbstractBeanFactory.getBean(AbstractBeanFactory.java:199)
	at org.springframework.beans.factory.support.BeanDefinitionValueResolver.resolveReference(BeanDefinitionValueResolver.java:303)
	... 99 more
Caused by: org.springframework.beans.factory.BeanCreationException: Error creating bean with name 'org.springframework.beans.factory.config.PropertyPathFactoryBean#355c943a' defined in class path resource [alfresco/ibatis/ibatis-context.xml]: Initialization of bean failed; nested exception is org.springframework.beans.factory.BeanCreationException: Error creating bean with name 'dialect': FactoryBean threw exception on object creation; nested exception is org.springframework.jdbc.CannotGetJdbcConnectionException: Failed to obtain JDBC Connection; nested exception is org.apache.commons.dbcp.SQLNestedException: Cannot create PoolableConnectionFactory (The connection attempt failed.)
	at org.springframework.beans.factory.support.AbstractAutowireCapableBeanFactory.doCreateBean(AbstractAutowireCapableBeanFactory.java:601)
	at org.springframework.beans.factory.support.AbstractAutowireCapableBeanFactory.createBean(AbstractAutowireCapableBeanFactory.java:515)
	at org.springframework.beans.factory.support.BeanDefinitionValueResolver.resolveInnerBean(BeanDefinitionValueResolver.java:346)
	... 109 more
Caused by: org.springframework.beans.factory.BeanCreationException: Error creating bean with name 'dialect': FactoryBean threw exception on object creation; nested exception is org.springframework.jdbc.CannotGetJdbcConnectionException: Failed to obtain JDBC Connection; nested exception is org.apache.commons.dbcp.SQLNestedException: Cannot create PoolableConnectionFactory (The connection attempt failed.)
	at org.springframework.beans.factory.support.FactoryBeanRegistrySupport.doGetObjectFromFactoryBean(FactoryBeanRegistrySupport.java:178)
	at org.springframework.beans.factory.support.FactoryBeanRegistrySupport.getObjectFromFactoryBean(FactoryBeanRegistrySupport.java:101)
	at org.springframework.beans.factory.support.AbstractBeanFactory.getObjectForBeanInstance(AbstractBeanFactory.java:1674)
	at org.springframework.beans.factory.support.AbstractAutowireCapableBeanFactory.getObjectForBeanInstance(AbstractAutowireCapableBeanFactory.java:1249)
	at org.springframework.beans.factory.support.AbstractBeanFactory.doGetBean(AbstractBeanFactory.java:257)
	at org.springframework.beans.factory.support.AbstractBeanFactory.getBean(AbstractBeanFactory.java:199)
	at org.springframework.beans.factory.config.PropertyPathFactoryBean.setBeanFactory(PropertyPathFactoryBean.java:196)
	at org.springframework.beans.factory.support.AbstractAutowireCapableBeanFactory.invokeAwareMethods(AbstractAutowireCapableBeanFactory.java:1800)
	at org.springframework.beans.factory.support.AbstractAutowireCapableBeanFactory.lambda$initializeBean$4(AbstractAutowireCapableBeanFactory.java:1760)
	at java.base/java.security.AccessController.doPrivileged(Native Method)
	at org.springframework.beans.factory.support.AbstractAutowireCapableBeanFactory.initializeBean(AbstractAutowireCapableBeanFactory.java:1759)
	at org.springframework.beans.factory.support.AbstractAutowireCapableBeanFactory.doCreateBean(AbstractAutowireCapableBeanFactory.java:593)
	... 111 more
Caused by: org.springframework.jdbc.CannotGetJdbcConnectionException: Failed to obtain JDBC Connection; nested exception is org.apache.commons.dbcp.SQLNestedException: Cannot create PoolableConnectionFactory (The connection attempt failed.)
	at org.springframework.jdbc.datasource.DataSourceUtils.getConnection(DataSourceUtils.java:81)
	at org.alfresco.repo.domain.dialect.DialectFactoryBean.getObject(DialectFactoryBean.java:59)
	at org.alfresco.repo.domain.dialect.DialectFactoryBean.getObject(DialectFactoryBean.java:1)
	at java.base/java.security.AccessController.doPrivileged(Native Method)
	at org.springframework.beans.factory.support.FactoryBeanRegistrySupport.doGetObjectFromFactoryBean(FactoryBeanRegistrySupport.java:164)
	... 122 more
Caused by: org.apache.commons.dbcp.SQLNestedException: Cannot create PoolableConnectionFactory (The connection attempt failed.)
	at org.apache.commons.dbcp.BasicDataSource.createPoolableConnectionFactory(BasicDataSource.java:1549)
	at org.apache.commons.dbcp.BasicDataSource.createDataSource(BasicDataSource.java:1388)
	at org.apache.commons.dbcp.BasicDataSource.getConnection(BasicDataSource.java:1044)
	at org.springframework.jdbc.datasource.DataSourceUtils.fetchConnection(DataSourceUtils.java:157)
	at org.springframework.jdbc.datasource.DataSourceUtils.doGetConnection(DataSourceUtils.java:115)
	at org.springframework.jdbc.datasource.DataSourceUtils.getConnection(DataSourceUtils.java:78)
	... 126 more
Caused by: org.postgresql.util.PSQLException: The connection attempt failed.
	at org.postgresql.core.v3.ConnectionFactoryImpl.openConnectionImpl(ConnectionFactoryImpl.java:292)
	at org.postgresql.core.ConnectionFactory.openConnection(ConnectionFactory.java:49)
	at org.postgresql.jdbc.PgConnection.<init>(PgConnection.java:195)
	at org.postgresql.Driver.makeConnection(Driver.java:458)
	at org.postgresql.Driver.connect(Driver.java:260)
	at org.apache.commons.dbcp.DriverConnectionFactory.createConnection(DriverConnectionFactory.java:38)
	at org.apache.commons.dbcp.PoolableConnectionFactory.makeObject(PoolableConnectionFactory.java:582)
	at org.apache.commons.dbcp.BasicDataSource.validateConnectionFactory(BasicDataSource.java:1556)
	at org.apache.commons.dbcp.BasicDataSource.createPoolableConnectionFactory(BasicDataSource.java:1545)
	... 131 more
Caused by: java.net.UnknownHostException: postgres
	at java.base/java.net.AbstractPlainSocketImpl.connect(AbstractPlainSocketImpl.java:220)
	at java.base/java.net.SocksSocketImpl.connect(SocksSocketImpl.java:403)
	at java.base/java.net.Socket.connect(Socket.java:591)
	at org.postgresql.core.PGStream.<init>(PGStream.java:75)
	at org.postgresql.core.v3.ConnectionFactoryImpl.tryConnect(ConnectionFactoryImpl.java:91)
	at org.postgresql.core.v3.ConnectionFactoryImpl.openConnectionImpl(ConnectionFactoryImpl.java:192)
	... 139 more
