19-Mar-2020 21:23:24.747 INFO [main] org.apache.catalina.startup.VersionLoggerListener.log Server version:        Apache Tomcat/8.5.43
19-Mar-2020 21:23:24.765 INFO [main] org.apache.catalina.startup.VersionLoggerListener.log Server built:          Jul 4 2019 20:53:15 UTC
19-Mar-2020 21:23:24.767 INFO [main] org.apache.catalina.startup.VersionLoggerListener.log Server number:         8.5.43.0
19-Mar-2020 21:23:24.769 INFO [main] org.apache.catalina.startup.VersionLoggerListener.log OS Name:               Linux
19-Mar-2020 21:23:24.770 INFO [main] org.apache.catalina.startup.VersionLoggerListener.log OS Version:            4.19.76-linuxkit
19-Mar-2020 21:23:24.772 INFO [main] org.apache.catalina.startup.VersionLoggerListener.log Architecture:          amd64
19-Mar-2020 21:23:24.774 INFO [main] org.apache.catalina.startup.VersionLoggerListener.log Java Home:             /usr/java/jdk-11.0.1
19-Mar-2020 21:23:24.776 INFO [main] org.apache.catalina.startup.VersionLoggerListener.log JVM Version:           11.0.1+13
19-Mar-2020 21:23:24.779 INFO [main] org.apache.catalina.startup.VersionLoggerListener.log JVM Vendor:            Oracle Corporation
19-Mar-2020 21:23:24.780 INFO [main] org.apache.catalina.startup.VersionLoggerListener.log CATALINA_BASE:         /usr/local/tomcat
19-Mar-2020 21:23:24.782 INFO [main] org.apache.catalina.startup.VersionLoggerListener.log CATALINA_HOME:         /usr/local/tomcat
19-Mar-2020 21:23:24.784 INFO [main] org.apache.catalina.startup.VersionLoggerListener.log Command line argument: --add-opens=java.base/java.lang=ALL-UNNAMED
19-Mar-2020 21:23:24.786 INFO [main] org.apache.catalina.startup.VersionLoggerListener.log Command line argument: --add-opens=java.base/java.io=ALL-UNNAMED
19-Mar-2020 21:23:24.791 INFO [main] org.apache.catalina.startup.VersionLoggerListener.log Command line argument: --add-opens=java.rmi/sun.rmi.transport=ALL-UNNAMED
19-Mar-2020 21:23:24.794 INFO [main] org.apache.catalina.startup.VersionLoggerListener.log Command line argument: -Djava.util.logging.config.file=/usr/local/tomcat/conf/logging.properties
19-Mar-2020 21:23:24.795 INFO [main] org.apache.catalina.startup.VersionLoggerListener.log Command line argument: -Djava.util.logging.manager=org.apache.juli.ClassLoaderLogManager
19-Mar-2020 21:23:24.798 INFO [main] org.apache.catalina.startup.VersionLoggerListener.log Command line argument: -Ddb.driver=org.postgresql.Driver
19-Mar-2020 21:23:24.805 INFO [main] org.apache.catalina.startup.VersionLoggerListener.log Command line argument: -Ddb.username=alfresco
19-Mar-2020 21:23:24.807 INFO [main] org.apache.catalina.startup.VersionLoggerListener.log Command line argument: -Ddb.password=alfresco
19-Mar-2020 21:23:24.808 INFO [main] org.apache.catalina.startup.VersionLoggerListener.log Command line argument: -Ddb.driver=org.postgresql.Driver
19-Mar-2020 21:23:24.809 INFO [main] org.apache.catalina.startup.VersionLoggerListener.log Command line argument: -Ddb.url=jdbc:postgresql://postgres:5432/alfresco
19-Mar-2020 21:23:24.811 INFO [main] org.apache.catalina.startup.VersionLoggerListener.log Command line argument: -Dsolr.host=solr6
19-Mar-2020 21:23:24.813 INFO [main] org.apache.catalina.startup.VersionLoggerListener.log Command line argument: -Dsolr.port=8983
19-Mar-2020 21:23:24.818 INFO [main] org.apache.catalina.startup.VersionLoggerListener.log Command line argument: -Dsolr.secureComms=none
19-Mar-2020 21:23:24.820 INFO [main] org.apache.catalina.startup.VersionLoggerListener.log Command line argument: -Dsolr.baseUrl=/solr
19-Mar-2020 21:23:24.822 INFO [main] org.apache.catalina.startup.VersionLoggerListener.log Command line argument: -Dindex.subsystem.name=solr6
19-Mar-2020 21:23:24.824 INFO [main] org.apache.catalina.startup.VersionLoggerListener.log Command line argument: -Dalfresco.host=localhost
19-Mar-2020 21:23:24.828 INFO [main] org.apache.catalina.startup.VersionLoggerListener.log Command line argument: -Dalfresco.port=80
19-Mar-2020 21:23:24.831 INFO [main] org.apache.catalina.startup.VersionLoggerListener.log Command line argument: -Dshare.host=localhost
19-Mar-2020 21:23:24.833 INFO [main] org.apache.catalina.startup.VersionLoggerListener.log Command line argument: -Dshare.port=80
19-Mar-2020 21:23:24.835 INFO [main] org.apache.catalina.startup.VersionLoggerListener.log Command line argument: -Daos.baseUrlOverwrite=http://localhost/alfresco/aos
19-Mar-2020 21:23:24.836 INFO [main] org.apache.catalina.startup.VersionLoggerListener.log Command line argument: -Dmessaging.broker.url=failover:(nio://activemq:61616)?timeout=3000&jms.useCompression=true
19-Mar-2020 21:23:24.838 INFO [main] org.apache.catalina.startup.VersionLoggerListener.log Command line argument: -Ddeployment.method=DOCKER_COMPOSE
19-Mar-2020 21:23:24.841 INFO [main] org.apache.catalina.startup.VersionLoggerListener.log Command line argument: -Dcsrf.filter.enabled=false
19-Mar-2020 21:23:24.845 INFO [main] org.apache.catalina.startup.VersionLoggerListener.log Command line argument: -Dlocal.transform.service.enabled=true
19-Mar-2020 21:23:24.847 INFO [main] org.apache.catalina.startup.VersionLoggerListener.log Command line argument: -DlocalTransform.pdfrenderer.url=http://alfresco-pdf-renderer:8090/
19-Mar-2020 21:23:24.850 INFO [main] org.apache.catalina.startup.VersionLoggerListener.log Command line argument: -DlocalTransform.imagemagick.url=http://imagemagick:8090/
19-Mar-2020 21:23:24.853 INFO [main] org.apache.catalina.startup.VersionLoggerListener.log Command line argument: -DlocalTransform.libreoffice.url=http://libreoffice:8090/
19-Mar-2020 21:23:24.855 INFO [main] org.apache.catalina.startup.VersionLoggerListener.log Command line argument: -DlocalTransform.tika.url=http://tika:8090/
19-Mar-2020 21:23:24.861 INFO [main] org.apache.catalina.startup.VersionLoggerListener.log Command line argument: -DlocalTransform.misc.url=http://transform-misc:8090/
19-Mar-2020 21:23:24.863 INFO [main] org.apache.catalina.startup.VersionLoggerListener.log Command line argument: -Dlegacy.transform.service.enabled=true
19-Mar-2020 21:23:24.864 INFO [main] org.apache.catalina.startup.VersionLoggerListener.log Command line argument: -Dalfresco-pdf-renderer.url=http://alfresco-pdf-renderer:8090/
19-Mar-2020 21:23:24.865 INFO [main] org.apache.catalina.startup.VersionLoggerListener.log Command line argument: -Djodconverter.url=http://libreoffice:8090/
19-Mar-2020 21:23:24.871 INFO [main] org.apache.catalina.startup.VersionLoggerListener.log Command line argument: -Dimg.url=http://imagemagick:8090/
19-Mar-2020 21:23:24.873 INFO [main] org.apache.catalina.startup.VersionLoggerListener.log Command line argument: -Dtika.url=http://tika:8090/
19-Mar-2020 21:23:24.880 INFO [main] org.apache.catalina.startup.VersionLoggerListener.log Command line argument: -Dtransform.misc.url=http://transform-misc:8090/
19-Mar-2020 21:23:24.882 INFO [main] org.apache.catalina.startup.VersionLoggerListener.log Command line argument: -Dcsrf.filter.enabled=false
19-Mar-2020 21:23:24.884 INFO [main] org.apache.catalina.startup.VersionLoggerListener.log Command line argument: -Dalfresco.restApi.basicAuthScheme=true
19-Mar-2020 21:23:24.885 INFO [main] org.apache.catalina.startup.VersionLoggerListener.log Command line argument: -Dauthentication.protection.enabled=false
19-Mar-2020 21:23:24.888 INFO [main] org.apache.catalina.startup.VersionLoggerListener.log Command line argument: -XX:+UseG1GC
19-Mar-2020 21:23:24.890 INFO [main] org.apache.catalina.startup.VersionLoggerListener.log Command line argument: -XX:+UseStringDeduplication
19-Mar-2020 21:23:24.892 INFO [main] org.apache.catalina.startup.VersionLoggerListener.log Command line argument: -Xms1856m
19-Mar-2020 21:23:24.893 INFO [main] org.apache.catalina.startup.VersionLoggerListener.log Command line argument: -Xmx1856m
19-Mar-2020 21:23:24.895 INFO [main] org.apache.catalina.startup.VersionLoggerListener.log Command line argument: -Djdk.tls.ephemeralDHKeySize=2048
19-Mar-2020 21:23:24.897 INFO [main] org.apache.catalina.startup.VersionLoggerListener.log Command line argument: -Djava.protocol.handler.pkgs=org.apache.catalina.webresources
19-Mar-2020 21:23:24.899 INFO [main] org.apache.catalina.startup.VersionLoggerListener.log Command line argument: -Dorg.apache.catalina.security.SecurityListener.UMASK=0027
19-Mar-2020 21:23:24.901 INFO [main] org.apache.catalina.startup.VersionLoggerListener.log Command line argument: -Dignore.endorsed.dirs=
19-Mar-2020 21:23:24.903 INFO [main] org.apache.catalina.startup.VersionLoggerListener.log Command line argument: -Djava.security.manager
19-Mar-2020 21:23:24.905 INFO [main] org.apache.catalina.startup.VersionLoggerListener.log Command line argument: -Djava.security.policy==/usr/local/tomcat/conf/catalina.policy
19-Mar-2020 21:23:24.907 INFO [main] org.apache.catalina.startup.VersionLoggerListener.log Command line argument: -Dcatalina.base=/usr/local/tomcat
19-Mar-2020 21:23:24.908 INFO [main] org.apache.catalina.startup.VersionLoggerListener.log Command line argument: -Dcatalina.home=/usr/local/tomcat
19-Mar-2020 21:23:24.915 INFO [main] org.apache.catalina.startup.VersionLoggerListener.log Command line argument: -Djava.io.tmpdir=/usr/local/tomcat/temp
19-Mar-2020 21:23:24.918 INFO [main] org.apache.catalina.core.AprLifecycleListener.lifecycleEvent Loaded APR based Apache Tomcat Native library [1.2.23] using APR version [1.4.8].
19-Mar-2020 21:23:24.920 INFO [main] org.apache.catalina.core.AprLifecycleListener.lifecycleEvent APR capabilities: IPv6 [true], sendfile [true], accept filters [false], random [true].
19-Mar-2020 21:23:24.925 INFO [main] org.apache.catalina.core.AprLifecycleListener.lifecycleEvent APR/OpenSSL configuration: useAprConnector [false], useOpenSSL [true]
19-Mar-2020 21:23:24.942 INFO [main] org.apache.catalina.core.AprLifecycleListener.initializeSSL OpenSSL successfully initialized [OpenSSL 1.0.2k-fips  26 Jan 2017]
19-Mar-2020 21:23:25.142 INFO [main] org.apache.coyote.AbstractProtocol.init Initializing ProtocolHandler ["http-nio-8080"]
19-Mar-2020 21:23:25.203 INFO [main] org.apache.tomcat.util.net.NioSelectorPool.getSharedSelector Using a shared selector for servlet write/read
19-Mar-2020 21:23:25.296 INFO [main] org.apache.coyote.AbstractProtocol.init Initializing ProtocolHandler ["ajp-nio-8009"]
19-Mar-2020 21:23:25.310 INFO [main] org.apache.tomcat.util.net.NioSelectorPool.getSharedSelector Using a shared selector for servlet write/read
19-Mar-2020 21:23:25.318 INFO [main] org.apache.catalina.startup.Catalina.load Initialization processed in 6783 ms
19-Mar-2020 21:23:25.611 INFO [main] org.apache.catalina.core.StandardService.startInternal Starting service [Catalina]
19-Mar-2020 21:23:25.611 INFO [main] org.apache.catalina.core.StandardEngine.startInternal Starting Servlet Engine: Apache Tomcat/8.5.43
19-Mar-2020 21:23:25.771 INFO [localhost-startStop-1] org.apache.catalina.startup.HostConfig.deployWAR Deploying web application archive [/usr/local/tomcat/webapps/api-explorer.war]
19-Mar-2020 21:23:27.116 INFO [localhost-startStop-1] org.apache.jasper.servlet.TldScanner.scanJars At least one JAR was scanned for TLDs yet contained no TLDs. Enable debug logging for this logger for a complete list of JARs that were scanned but no TLDs were found in them. Skipping unneeded JARs during scanning can improve startup time and JSP compilation time.
19-Mar-2020 21:23:28.955 INFO [localhost-startStop-1] org.apache.catalina.startup.HostConfig.deployWAR Deployment of web application archive [/usr/local/tomcat/webapps/api-explorer.war] has finished in [3,183] ms
19-Mar-2020 21:23:28.970 INFO [localhost-startStop-1] org.apache.catalina.startup.HostConfig.deployDirectory Deploying web application directory [/usr/local/tomcat/webapps/alfresco]
19-Mar-2020 21:23:30.307 WARNING [localhost-startStop-1] org.apache.juli.ClassLoaderLogManager.readConfiguration Reading /usr/local/tomcat/webapps/alfresco/WEB-INF/classes/logging.properties is not permitted. See "per context logging" in the default catalina.policy file.
19-Mar-2020 21:24:07.621 INFO [main] org.apache.catalina.startup.VersionLoggerListener.log Server version:        Apache Tomcat/8.5.43
19-Mar-2020 21:24:07.690 INFO [main] org.apache.catalina.startup.VersionLoggerListener.log Server built:          Jul 4 2019 20:53:15 UTC
19-Mar-2020 21:24:07.697 INFO [main] org.apache.catalina.startup.VersionLoggerListener.log Server number:         8.5.43.0
19-Mar-2020 21:24:07.697 INFO [main] org.apache.catalina.startup.VersionLoggerListener.log OS Name:               Linux
19-Mar-2020 21:24:07.698 INFO [main] org.apache.catalina.startup.VersionLoggerListener.log OS Version:            4.19.76-linuxkit
19-Mar-2020 21:24:07.698 INFO [main] org.apache.catalina.startup.VersionLoggerListener.log Architecture:          amd64
19-Mar-2020 21:24:07.710 INFO [main] org.apache.catalina.startup.VersionLoggerListener.log Java Home:             /usr/java/jdk-11.0.1
19-Mar-2020 21:24:07.710 INFO [main] org.apache.catalina.startup.VersionLoggerListener.log JVM Version:           11.0.1+13
19-Mar-2020 21:24:07.717 INFO [main] org.apache.catalina.startup.VersionLoggerListener.log JVM Vendor:            Oracle Corporation
19-Mar-2020 21:24:07.720 INFO [main] org.apache.catalina.startup.VersionLoggerListener.log CATALINA_BASE:         /usr/local/tomcat
19-Mar-2020 21:24:07.720 INFO [main] org.apache.catalina.startup.VersionLoggerListener.log CATALINA_HOME:         /usr/local/tomcat
19-Mar-2020 21:24:07.721 INFO [main] org.apache.catalina.startup.VersionLoggerListener.log Command line argument: --add-opens=java.base/java.lang=ALL-UNNAMED
19-Mar-2020 21:24:07.721 INFO [main] org.apache.catalina.startup.VersionLoggerListener.log Command line argument: --add-opens=java.base/java.io=ALL-UNNAMED
19-Mar-2020 21:24:07.722 INFO [main] org.apache.catalina.startup.VersionLoggerListener.log Command line argument: --add-opens=java.rmi/sun.rmi.transport=ALL-UNNAMED
19-Mar-2020 21:24:07.722 INFO [main] org.apache.catalina.startup.VersionLoggerListener.log Command line argument: -Djava.util.logging.config.file=/usr/local/tomcat/conf/logging.properties
19-Mar-2020 21:24:07.722 INFO [main] org.apache.catalina.startup.VersionLoggerListener.log Command line argument: -Djava.util.logging.manager=org.apache.juli.ClassLoaderLogManager
19-Mar-2020 21:24:07.727 INFO [main] org.apache.catalina.startup.VersionLoggerListener.log Command line argument: -Ddb.driver=org.postgresql.Driver
19-Mar-2020 21:24:07.729 INFO [main] org.apache.catalina.startup.VersionLoggerListener.log Command line argument: -Ddb.username=alfresco
19-Mar-2020 21:24:07.730 INFO [main] org.apache.catalina.startup.VersionLoggerListener.log Command line argument: -Ddb.password=alfresco
19-Mar-2020 21:24:07.734 INFO [main] org.apache.catalina.startup.VersionLoggerListener.log Command line argument: -Ddb.driver=org.postgresql.Driver
19-Mar-2020 21:24:07.736 INFO [main] org.apache.catalina.startup.VersionLoggerListener.log Command line argument: -Ddb.url=jdbc:postgresql://postgres:5432/alfresco
19-Mar-2020 21:24:07.736 INFO [main] org.apache.catalina.startup.VersionLoggerListener.log Command line argument: -Dsolr.host=solr6
19-Mar-2020 21:24:07.736 INFO [main] org.apache.catalina.startup.VersionLoggerListener.log Command line argument: -Dsolr.port=8983
19-Mar-2020 21:24:07.736 INFO [main] org.apache.catalina.startup.VersionLoggerListener.log Command line argument: -Dsolr.secureComms=none
19-Mar-2020 21:24:07.737 INFO [main] org.apache.catalina.startup.VersionLoggerListener.log Command line argument: -Dsolr.baseUrl=/solr
19-Mar-2020 21:24:07.737 INFO [main] org.apache.catalina.startup.VersionLoggerListener.log Command line argument: -Dindex.subsystem.name=solr6
19-Mar-2020 21:24:07.737 INFO [main] org.apache.catalina.startup.VersionLoggerListener.log Command line argument: -Dalfresco.host=localhost
19-Mar-2020 21:24:07.742 INFO [main] org.apache.catalina.startup.VersionLoggerListener.log Command line argument: -Dalfresco.port=80
19-Mar-2020 21:24:07.743 INFO [main] org.apache.catalina.startup.VersionLoggerListener.log Command line argument: -Dshare.host=localhost
19-Mar-2020 21:24:07.746 INFO [main] org.apache.catalina.startup.VersionLoggerListener.log Command line argument: -Dshare.port=80
19-Mar-2020 21:24:07.750 INFO [main] org.apache.catalina.startup.VersionLoggerListener.log Command line argument: -Daos.baseUrlOverwrite=http://localhost/alfresco/aos
19-Mar-2020 21:24:07.757 INFO [main] org.apache.catalina.startup.VersionLoggerListener.log Command line argument: -Dmessaging.broker.url=failover:(nio://activemq:61616)?timeout=3000&jms.useCompression=true
19-Mar-2020 21:24:07.757 INFO [main] org.apache.catalina.startup.VersionLoggerListener.log Command line argument: -Ddeployment.method=DOCKER_COMPOSE
19-Mar-2020 21:24:07.757 INFO [main] org.apache.catalina.startup.VersionLoggerListener.log Command line argument: -Dcsrf.filter.enabled=false
19-Mar-2020 21:24:07.759 INFO [main] org.apache.catalina.startup.VersionLoggerListener.log Command line argument: -Dlocal.transform.service.enabled=true
19-Mar-2020 21:24:07.762 INFO [main] org.apache.catalina.startup.VersionLoggerListener.log Command line argument: -DlocalTransform.pdfrenderer.url=http://alfresco-pdf-renderer:8090/
19-Mar-2020 21:24:07.769 INFO [main] org.apache.catalina.startup.VersionLoggerListener.log Command line argument: -DlocalTransform.imagemagick.url=http://imagemagick:8090/
19-Mar-2020 21:24:07.772 INFO [main] org.apache.catalina.startup.VersionLoggerListener.log Command line argument: -DlocalTransform.libreoffice.url=http://libreoffice:8090/
19-Mar-2020 21:24:07.772 INFO [main] org.apache.catalina.startup.VersionLoggerListener.log Command line argument: -DlocalTransform.tika.url=http://tika:8090/
19-Mar-2020 21:24:07.775 INFO [main] org.apache.catalina.startup.VersionLoggerListener.log Command line argument: -DlocalTransform.misc.url=http://transform-misc:8090/
19-Mar-2020 21:24:07.775 INFO [main] org.apache.catalina.startup.VersionLoggerListener.log Command line argument: -Dlegacy.transform.service.enabled=true
19-Mar-2020 21:24:07.777 INFO [main] org.apache.catalina.startup.VersionLoggerListener.log Command line argument: -Dalfresco-pdf-renderer.url=http://alfresco-pdf-renderer:8090/
19-Mar-2020 21:24:07.782 INFO [main] org.apache.catalina.startup.VersionLoggerListener.log Command line argument: -Djodconverter.url=http://libreoffice:8090/
19-Mar-2020 21:24:07.785 INFO [main] org.apache.catalina.startup.VersionLoggerListener.log Command line argument: -Dimg.url=http://imagemagick:8090/
19-Mar-2020 21:24:07.787 INFO [main] org.apache.catalina.startup.VersionLoggerListener.log Command line argument: -Dtika.url=http://tika:8090/
19-Mar-2020 21:24:07.789 INFO [main] org.apache.catalina.startup.VersionLoggerListener.log Command line argument: -Dtransform.misc.url=http://transform-misc:8090/
19-Mar-2020 21:24:07.794 INFO [main] org.apache.catalina.startup.VersionLoggerListener.log Command line argument: -Dcsrf.filter.enabled=false
19-Mar-2020 21:24:07.798 INFO [main] org.apache.catalina.startup.VersionLoggerListener.log Command line argument: -Dalfresco.restApi.basicAuthScheme=true
19-Mar-2020 21:24:07.798 INFO [main] org.apache.catalina.startup.VersionLoggerListener.log Command line argument: -Dauthentication.protection.enabled=false
19-Mar-2020 21:24:07.801 INFO [main] org.apache.catalina.startup.VersionLoggerListener.log Command line argument: -XX:+UseG1GC
19-Mar-2020 21:24:07.808 INFO [main] org.apache.catalina.startup.VersionLoggerListener.log Command line argument: -XX:+UseStringDeduplication
19-Mar-2020 21:24:07.813 INFO [main] org.apache.catalina.startup.VersionLoggerListener.log Command line argument: -Xms1856m
19-Mar-2020 21:24:07.816 INFO [main] org.apache.catalina.startup.VersionLoggerListener.log Command line argument: -Xmx1856m
19-Mar-2020 21:24:07.819 INFO [main] org.apache.catalina.startup.VersionLoggerListener.log Command line argument: -Djdk.tls.ephemeralDHKeySize=2048
19-Mar-2020 21:24:07.826 INFO [main] org.apache.catalina.startup.VersionLoggerListener.log Command line argument: -Djava.protocol.handler.pkgs=org.apache.catalina.webresources
19-Mar-2020 21:24:07.829 INFO [main] org.apache.catalina.startup.VersionLoggerListener.log Command line argument: -Dorg.apache.catalina.security.SecurityListener.UMASK=0027
19-Mar-2020 21:24:07.835 INFO [main] org.apache.catalina.startup.VersionLoggerListener.log Command line argument: -Dignore.endorsed.dirs=
19-Mar-2020 21:24:07.839 INFO [main] org.apache.catalina.startup.VersionLoggerListener.log Command line argument: -Djava.security.manager
19-Mar-2020 21:24:07.848 INFO [main] org.apache.catalina.startup.VersionLoggerListener.log Command line argument: -Djava.security.policy==/usr/local/tomcat/conf/catalina.policy
19-Mar-2020 21:24:07.853 INFO [main] org.apache.catalina.startup.VersionLoggerListener.log Command line argument: -Dcatalina.base=/usr/local/tomcat
19-Mar-2020 21:24:07.855 INFO [main] org.apache.catalina.startup.VersionLoggerListener.log Command line argument: -Dcatalina.home=/usr/local/tomcat
19-Mar-2020 21:24:07.862 INFO [main] org.apache.catalina.startup.VersionLoggerListener.log Command line argument: -Djava.io.tmpdir=/usr/local/tomcat/temp
19-Mar-2020 21:24:07.868 INFO [main] org.apache.catalina.core.AprLifecycleListener.lifecycleEvent Loaded APR based Apache Tomcat Native library [1.2.23] using APR version [1.4.8].
19-Mar-2020 21:24:07.868 INFO [main] org.apache.catalina.core.AprLifecycleListener.lifecycleEvent APR capabilities: IPv6 [true], sendfile [true], accept filters [false], random [true].
19-Mar-2020 21:24:07.874 INFO [main] org.apache.catalina.core.AprLifecycleListener.lifecycleEvent APR/OpenSSL configuration: useAprConnector [false], useOpenSSL [true]
19-Mar-2020 21:24:07.964 INFO [main] org.apache.catalina.core.AprLifecycleListener.initializeSSL OpenSSL successfully initialized [OpenSSL 1.0.2k-fips  26 Jan 2017]
19-Mar-2020 21:24:08.567 INFO [main] org.apache.coyote.AbstractProtocol.init Initializing ProtocolHandler ["http-nio-8080"]
19-Mar-2020 21:24:08.746 INFO [main] org.apache.tomcat.util.net.NioSelectorPool.getSharedSelector Using a shared selector for servlet write/read
19-Mar-2020 21:24:09.050 INFO [main] org.apache.coyote.AbstractProtocol.init Initializing ProtocolHandler ["ajp-nio-8009"]
19-Mar-2020 21:24:09.092 INFO [main] org.apache.tomcat.util.net.NioSelectorPool.getSharedSelector Using a shared selector for servlet write/read
19-Mar-2020 21:24:09.105 INFO [main] org.apache.catalina.startup.Catalina.load Initialization processed in 8477 ms
19-Mar-2020 21:24:09.767 INFO [main] org.apache.catalina.core.StandardService.startInternal Starting service [Catalina]
19-Mar-2020 21:24:09.773 INFO [main] org.apache.catalina.core.StandardEngine.startInternal Starting Servlet Engine: Apache Tomcat/8.5.43
19-Mar-2020 21:24:10.082 INFO [localhost-startStop-1] org.apache.catalina.startup.HostConfig.deployWAR Deploying web application archive [/usr/local/tomcat/webapps/api-explorer.war]
19-Mar-2020 21:24:14.307 INFO [localhost-startStop-1] org.apache.jasper.servlet.TldScanner.scanJars At least one JAR was scanned for TLDs yet contained no TLDs. Enable debug logging for this logger for a complete list of JARs that were scanned but no TLDs were found in them. Skipping unneeded JARs during scanning can improve startup time and JSP compilation time.
19-Mar-2020 21:24:14.848 WARNING [localhost-startStop-1] org.apache.catalina.util.SessionIdGeneratorBase.createSecureRandom Creation of SecureRandom instance for session ID generation using [SHA1PRNG] took [343] milliseconds.
19-Mar-2020 21:24:20.803 INFO [localhost-startStop-1] org.apache.catalina.startup.HostConfig.deployWAR Deployment of web application archive [/usr/local/tomcat/webapps/api-explorer.war] has finished in [10,721] ms
19-Mar-2020 21:24:20.828 INFO [localhost-startStop-1] org.apache.catalina.startup.HostConfig.deployDirectory Deploying web application directory [/usr/local/tomcat/webapps/alfresco]
19-Mar-2020 21:24:25.731 WARNING [localhost-startStop-1] org.apache.juli.ClassLoaderLogManager.readConfiguration Reading /usr/local/tomcat/webapps/alfresco/WEB-INF/classes/logging.properties is not permitted. See "per context logging" in the default catalina.policy file.
19-Mar-2020 21:25:22.271 INFO [main] org.apache.catalina.startup.VersionLoggerListener.log Server version:        Apache Tomcat/8.5.43
19-Mar-2020 21:25:22.333 INFO [main] org.apache.catalina.startup.VersionLoggerListener.log Server built:          Jul 4 2019 20:53:15 UTC
19-Mar-2020 21:25:22.334 INFO [main] org.apache.catalina.startup.VersionLoggerListener.log Server number:         8.5.43.0
19-Mar-2020 21:25:22.337 INFO [main] org.apache.catalina.startup.VersionLoggerListener.log OS Name:               Linux
19-Mar-2020 21:25:22.339 INFO [main] org.apache.catalina.startup.VersionLoggerListener.log OS Version:            4.19.76-linuxkit
19-Mar-2020 21:25:22.345 INFO [main] org.apache.catalina.startup.VersionLoggerListener.log Architecture:          amd64
19-Mar-2020 21:25:22.349 INFO [main] org.apache.catalina.startup.VersionLoggerListener.log Java Home:             /usr/java/jdk-11.0.1
19-Mar-2020 21:25:22.353 INFO [main] org.apache.catalina.startup.VersionLoggerListener.log JVM Version:           11.0.1+13
19-Mar-2020 21:25:22.379 INFO [main] org.apache.catalina.startup.VersionLoggerListener.log JVM Vendor:            Oracle Corporation
19-Mar-2020 21:25:22.391 INFO [main] org.apache.catalina.startup.VersionLoggerListener.log CATALINA_BASE:         /usr/local/tomcat
19-Mar-2020 21:25:22.396 INFO [main] org.apache.catalina.startup.VersionLoggerListener.log CATALINA_HOME:         /usr/local/tomcat
19-Mar-2020 21:25:22.400 INFO [main] org.apache.catalina.startup.VersionLoggerListener.log Command line argument: --add-opens=java.base/java.lang=ALL-UNNAMED
19-Mar-2020 21:25:22.405 INFO [main] org.apache.catalina.startup.VersionLoggerListener.log Command line argument: --add-opens=java.base/java.io=ALL-UNNAMED
19-Mar-2020 21:25:22.425 INFO [main] org.apache.catalina.startup.VersionLoggerListener.log Command line argument: --add-opens=java.rmi/sun.rmi.transport=ALL-UNNAMED
19-Mar-2020 21:25:22.428 INFO [main] org.apache.catalina.startup.VersionLoggerListener.log Command line argument: -Djava.util.logging.config.file=/usr/local/tomcat/conf/logging.properties
19-Mar-2020 21:25:22.432 INFO [main] org.apache.catalina.startup.VersionLoggerListener.log Command line argument: -Djava.util.logging.manager=org.apache.juli.ClassLoaderLogManager
19-Mar-2020 21:25:22.432 INFO [main] org.apache.catalina.startup.VersionLoggerListener.log Command line argument: -Ddb.driver=org.postgresql.Driver
19-Mar-2020 21:25:22.441 INFO [main] org.apache.catalina.startup.VersionLoggerListener.log Command line argument: -Ddb.username=alfresco
19-Mar-2020 21:25:22.444 INFO [main] org.apache.catalina.startup.VersionLoggerListener.log Command line argument: -Ddb.password=alfresco
19-Mar-2020 21:25:22.449 INFO [main] org.apache.catalina.startup.VersionLoggerListener.log Command line argument: -Ddb.driver=org.postgresql.Driver
19-Mar-2020 21:25:22.454 INFO [main] org.apache.catalina.startup.VersionLoggerListener.log Command line argument: -Ddb.url=jdbc:postgresql://postgres:5432/alfresco
19-Mar-2020 21:25:22.466 INFO [main] org.apache.catalina.startup.VersionLoggerListener.log Command line argument: -Dsolr.host=solr6
19-Mar-2020 21:25:22.468 INFO [main] org.apache.catalina.startup.VersionLoggerListener.log Command line argument: -Dsolr.port=8983
19-Mar-2020 21:25:22.468 INFO [main] org.apache.catalina.startup.VersionLoggerListener.log Command line argument: -Dsolr.secureComms=none
19-Mar-2020 21:25:22.472 INFO [main] org.apache.catalina.startup.VersionLoggerListener.log Command line argument: -Dsolr.baseUrl=/solr
19-Mar-2020 21:25:22.475 INFO [main] org.apache.catalina.startup.VersionLoggerListener.log Command line argument: -Dindex.subsystem.name=solr6
19-Mar-2020 21:25:22.476 INFO [main] org.apache.catalina.startup.VersionLoggerListener.log Command line argument: -Dalfresco.host=localhost
19-Mar-2020 21:25:22.477 INFO [main] org.apache.catalina.startup.VersionLoggerListener.log Command line argument: -Dalfresco.port=80
19-Mar-2020 21:25:22.486 INFO [main] org.apache.catalina.startup.VersionLoggerListener.log Command line argument: -Dshare.host=localhost
19-Mar-2020 21:25:22.486 INFO [main] org.apache.catalina.startup.VersionLoggerListener.log Command line argument: -Dshare.port=80
19-Mar-2020 21:25:22.486 INFO [main] org.apache.catalina.startup.VersionLoggerListener.log Command line argument: -Daos.baseUrlOverwrite=http://localhost/alfresco/aos
19-Mar-2020 21:25:22.488 INFO [main] org.apache.catalina.startup.VersionLoggerListener.log Command line argument: -Dmessaging.broker.url=failover:(nio://activemq:61616)?timeout=3000&jms.useCompression=true
19-Mar-2020 21:25:22.490 INFO [main] org.apache.catalina.startup.VersionLoggerListener.log Command line argument: -Ddeployment.method=DOCKER_COMPOSE
19-Mar-2020 21:25:22.500 INFO [main] org.apache.catalina.startup.VersionLoggerListener.log Command line argument: -Dcsrf.filter.enabled=false
19-Mar-2020 21:25:22.500 INFO [main] org.apache.catalina.startup.VersionLoggerListener.log Command line argument: -Dlocal.transform.service.enabled=true
19-Mar-2020 21:25:22.502 INFO [main] org.apache.catalina.startup.VersionLoggerListener.log Command line argument: -DlocalTransform.pdfrenderer.url=http://alfresco-pdf-renderer:8090/
19-Mar-2020 21:25:22.516 INFO [main] org.apache.catalina.startup.VersionLoggerListener.log Command line argument: -DlocalTransform.imagemagick.url=http://imagemagick:8090/
19-Mar-2020 21:25:22.520 INFO [main] org.apache.catalina.startup.VersionLoggerListener.log Command line argument: -DlocalTransform.libreoffice.url=http://libreoffice:8090/
19-Mar-2020 21:25:22.522 INFO [main] org.apache.catalina.startup.VersionLoggerListener.log Command line argument: -DlocalTransform.tika.url=http://tika:8090/
19-Mar-2020 21:25:22.530 INFO [main] org.apache.catalina.startup.VersionLoggerListener.log Command line argument: -DlocalTransform.misc.url=http://transform-misc:8090/
19-Mar-2020 21:25:22.543 INFO [main] org.apache.catalina.startup.VersionLoggerListener.log Command line argument: -Dlegacy.transform.service.enabled=true
19-Mar-2020 21:25:22.545 INFO [main] org.apache.catalina.startup.VersionLoggerListener.log Command line argument: -Dalfresco-pdf-renderer.url=http://alfresco-pdf-renderer:8090/
19-Mar-2020 21:25:22.549 INFO [main] org.apache.catalina.startup.VersionLoggerListener.log Command line argument: -Djodconverter.url=http://libreoffice:8090/
19-Mar-2020 21:25:22.556 INFO [main] org.apache.catalina.startup.VersionLoggerListener.log Command line argument: -Dimg.url=http://imagemagick:8090/
19-Mar-2020 21:25:22.558 INFO [main] org.apache.catalina.startup.VersionLoggerListener.log Command line argument: -Dtika.url=http://tika:8090/
19-Mar-2020 21:25:22.567 INFO [main] org.apache.catalina.startup.VersionLoggerListener.log Command line argument: -Dtransform.misc.url=http://transform-misc:8090/
19-Mar-2020 21:25:22.569 INFO [main] org.apache.catalina.startup.VersionLoggerListener.log Command line argument: -Dcsrf.filter.enabled=false
19-Mar-2020 21:25:22.569 INFO [main] org.apache.catalina.startup.VersionLoggerListener.log Command line argument: -Dalfresco.restApi.basicAuthScheme=true
19-Mar-2020 21:25:22.573 INFO [main] org.apache.catalina.startup.VersionLoggerListener.log Command line argument: -Dauthentication.protection.enabled=false
19-Mar-2020 21:25:22.574 INFO [main] org.apache.catalina.startup.VersionLoggerListener.log Command line argument: -XX:+UseG1GC
19-Mar-2020 21:25:22.577 INFO [main] org.apache.catalina.startup.VersionLoggerListener.log Command line argument: -XX:+UseStringDeduplication
19-Mar-2020 21:25:22.584 INFO [main] org.apache.catalina.startup.VersionLoggerListener.log Command line argument: -Xms1856m
19-Mar-2020 21:25:22.592 INFO [main] org.apache.catalina.startup.VersionLoggerListener.log Command line argument: -Xmx1856m
19-Mar-2020 21:25:22.593 INFO [main] org.apache.catalina.startup.VersionLoggerListener.log Command line argument: -Djdk.tls.ephemeralDHKeySize=2048
19-Mar-2020 21:25:22.595 INFO [main] org.apache.catalina.startup.VersionLoggerListener.log Command line argument: -Djava.protocol.handler.pkgs=org.apache.catalina.webresources
19-Mar-2020 21:25:22.601 INFO [main] org.apache.catalina.startup.VersionLoggerListener.log Command line argument: -Dorg.apache.catalina.security.SecurityListener.UMASK=0027
19-Mar-2020 21:25:22.603 INFO [main] org.apache.catalina.startup.VersionLoggerListener.log Command line argument: -Dignore.endorsed.dirs=
19-Mar-2020 21:25:22.603 INFO [main] org.apache.catalina.startup.VersionLoggerListener.log Command line argument: -Djava.security.manager
19-Mar-2020 21:25:22.605 INFO [main] org.apache.catalina.startup.VersionLoggerListener.log Command line argument: -Djava.security.policy==/usr/local/tomcat/conf/catalina.policy
19-Mar-2020 21:25:22.615 INFO [main] org.apache.catalina.startup.VersionLoggerListener.log Command line argument: -Dcatalina.base=/usr/local/tomcat
19-Mar-2020 21:25:22.615 INFO [main] org.apache.catalina.startup.VersionLoggerListener.log Command line argument: -Dcatalina.home=/usr/local/tomcat
19-Mar-2020 21:25:22.616 INFO [main] org.apache.catalina.startup.VersionLoggerListener.log Command line argument: -Djava.io.tmpdir=/usr/local/tomcat/temp
19-Mar-2020 21:25:22.625 INFO [main] org.apache.catalina.core.AprLifecycleListener.lifecycleEvent Loaded APR based Apache Tomcat Native library [1.2.23] using APR version [1.4.8].
19-Mar-2020 21:25:22.641 INFO [main] org.apache.catalina.core.AprLifecycleListener.lifecycleEvent APR capabilities: IPv6 [true], sendfile [true], accept filters [false], random [true].
19-Mar-2020 21:25:22.655 INFO [main] org.apache.catalina.core.AprLifecycleListener.lifecycleEvent APR/OpenSSL configuration: useAprConnector [false], useOpenSSL [true]
19-Mar-2020 21:25:22.715 INFO [main] org.apache.catalina.core.AprLifecycleListener.initializeSSL OpenSSL successfully initialized [OpenSSL 1.0.2k-fips  26 Jan 2017]
19-Mar-2020 21:25:23.565 INFO [main] org.apache.coyote.AbstractProtocol.init Initializing ProtocolHandler ["http-nio-8080"]
19-Mar-2020 21:25:23.827 INFO [main] org.apache.tomcat.util.net.NioSelectorPool.getSharedSelector Using a shared selector for servlet write/read
19-Mar-2020 21:25:24.122 INFO [main] org.apache.coyote.AbstractProtocol.init Initializing ProtocolHandler ["ajp-nio-8009"]
19-Mar-2020 21:25:24.161 INFO [main] org.apache.tomcat.util.net.NioSelectorPool.getSharedSelector Using a shared selector for servlet write/read
19-Mar-2020 21:25:24.169 INFO [main] org.apache.catalina.startup.Catalina.load Initialization processed in 8880 ms
19-Mar-2020 21:25:25.067 INFO [main] org.apache.catalina.core.StandardService.startInternal Starting service [Catalina]
19-Mar-2020 21:25:25.076 INFO [main] org.apache.catalina.core.StandardEngine.startInternal Starting Servlet Engine: Apache Tomcat/8.5.43
19-Mar-2020 21:25:25.338 INFO [localhost-startStop-1] org.apache.catalina.startup.HostConfig.deployWAR Deploying web application archive [/usr/local/tomcat/webapps/api-explorer.war]
19-Mar-2020 21:25:30.054 INFO [localhost-startStop-1] org.apache.jasper.servlet.TldScanner.scanJars At least one JAR was scanned for TLDs yet contained no TLDs. Enable debug logging for this logger for a complete list of JARs that were scanned but no TLDs were found in them. Skipping unneeded JARs during scanning can improve startup time and JSP compilation time.
19-Mar-2020 21:25:30.778 WARNING [localhost-startStop-1] org.apache.catalina.util.SessionIdGeneratorBase.createSecureRandom Creation of SecureRandom instance for session ID generation using [SHA1PRNG] took [484] milliseconds.
19-Mar-2020 21:25:37.453 INFO [localhost-startStop-1] org.apache.catalina.startup.HostConfig.deployWAR Deployment of web application archive [/usr/local/tomcat/webapps/api-explorer.war] has finished in [12,115] ms
19-Mar-2020 21:25:37.462 INFO [localhost-startStop-1] org.apache.catalina.startup.HostConfig.deployDirectory Deploying web application directory [/usr/local/tomcat/webapps/alfresco]
19-Mar-2020 21:25:41.731 WARNING [localhost-startStop-1] org.apache.juli.ClassLoaderLogManager.readConfiguration Reading /usr/local/tomcat/webapps/alfresco/WEB-INF/classes/logging.properties is not permitted. See "per context logging" in the default catalina.policy file.
19-Mar-2020 21:27:49.398 INFO [main] org.apache.catalina.startup.VersionLoggerListener.log Server version:        Apache Tomcat/8.5.43
19-Mar-2020 21:27:49.497 INFO [main] org.apache.catalina.startup.VersionLoggerListener.log Server built:          Jul 4 2019 20:53:15 UTC
19-Mar-2020 21:27:49.503 INFO [main] org.apache.catalina.startup.VersionLoggerListener.log Server number:         8.5.43.0
19-Mar-2020 21:27:49.512 INFO [main] org.apache.catalina.startup.VersionLoggerListener.log OS Name:               Linux
19-Mar-2020 21:27:49.520 INFO [main] org.apache.catalina.startup.VersionLoggerListener.log OS Version:            4.19.76-linuxkit
19-Mar-2020 21:27:49.531 INFO [main] org.apache.catalina.startup.VersionLoggerListener.log Architecture:          amd64
19-Mar-2020 21:27:49.539 INFO [main] org.apache.catalina.startup.VersionLoggerListener.log Java Home:             /usr/java/jdk-11.0.1
19-Mar-2020 21:27:49.547 INFO [main] org.apache.catalina.startup.VersionLoggerListener.log JVM Version:           11.0.1+13
19-Mar-2020 21:27:49.551 INFO [main] org.apache.catalina.startup.VersionLoggerListener.log JVM Vendor:            Oracle Corporation
19-Mar-2020 21:27:49.558 INFO [main] org.apache.catalina.startup.VersionLoggerListener.log CATALINA_BASE:         /usr/local/tomcat
19-Mar-2020 21:27:49.560 INFO [main] org.apache.catalina.startup.VersionLoggerListener.log CATALINA_HOME:         /usr/local/tomcat
19-Mar-2020 21:27:49.560 INFO [main] org.apache.catalina.startup.VersionLoggerListener.log Command line argument: --add-opens=java.base/java.lang=ALL-UNNAMED
19-Mar-2020 21:27:49.579 INFO [main] org.apache.catalina.startup.VersionLoggerListener.log Command line argument: --add-opens=java.base/java.io=ALL-UNNAMED
19-Mar-2020 21:27:49.587 INFO [main] org.apache.catalina.startup.VersionLoggerListener.log Command line argument: --add-opens=java.rmi/sun.rmi.transport=ALL-UNNAMED
19-Mar-2020 21:27:49.596 INFO [main] org.apache.catalina.startup.VersionLoggerListener.log Command line argument: -Djava.util.logging.config.file=/usr/local/tomcat/conf/logging.properties
19-Mar-2020 21:27:49.600 INFO [main] org.apache.catalina.startup.VersionLoggerListener.log Command line argument: -Djava.util.logging.manager=org.apache.juli.ClassLoaderLogManager
19-Mar-2020 21:27:49.606 INFO [main] org.apache.catalina.startup.VersionLoggerListener.log Command line argument: -Ddb.driver=org.postgresql.Driver
19-Mar-2020 21:27:49.611 INFO [main] org.apache.catalina.startup.VersionLoggerListener.log Command line argument: -Ddb.username=alfresco
19-Mar-2020 21:27:49.622 INFO [main] org.apache.catalina.startup.VersionLoggerListener.log Command line argument: -Ddb.password=alfresco
19-Mar-2020 21:27:49.624 INFO [main] org.apache.catalina.startup.VersionLoggerListener.log Command line argument: -Ddb.driver=org.postgresql.Driver
19-Mar-2020 21:27:49.627 INFO [main] org.apache.catalina.startup.VersionLoggerListener.log Command line argument: -Ddb.url=jdbc:postgresql://postgres:5432/alfresco
19-Mar-2020 21:27:49.630 INFO [main] org.apache.catalina.startup.VersionLoggerListener.log Command line argument: -Dsolr.host=solr6
19-Mar-2020 21:27:49.638 INFO [main] org.apache.catalina.startup.VersionLoggerListener.log Command line argument: -Dsolr.port=8983
19-Mar-2020 21:27:49.642 INFO [main] org.apache.catalina.startup.VersionLoggerListener.log Command line argument: -Dsolr.secureComms=none
19-Mar-2020 21:27:49.649 INFO [main] org.apache.catalina.startup.VersionLoggerListener.log Command line argument: -Dsolr.baseUrl=/solr
19-Mar-2020 21:27:49.650 INFO [main] org.apache.catalina.startup.VersionLoggerListener.log Command line argument: -Dindex.subsystem.name=solr6
19-Mar-2020 21:27:49.653 INFO [main] org.apache.catalina.startup.VersionLoggerListener.log Command line argument: -Dalfresco.host=localhost
19-Mar-2020 21:27:49.660 INFO [main] org.apache.catalina.startup.VersionLoggerListener.log Command line argument: -Dalfresco.port=80
19-Mar-2020 21:27:49.663 INFO [main] org.apache.catalina.startup.VersionLoggerListener.log Command line argument: -Dshare.host=localhost
19-Mar-2020 21:27:49.669 INFO [main] org.apache.catalina.startup.VersionLoggerListener.log Command line argument: -Dshare.port=80
19-Mar-2020 21:27:49.672 INFO [main] org.apache.catalina.startup.VersionLoggerListener.log Command line argument: -Daos.baseUrlOverwrite=http://localhost/alfresco/aos
19-Mar-2020 21:27:49.676 INFO [main] org.apache.catalina.startup.VersionLoggerListener.log Command line argument: -Dmessaging.broker.url=failover:(nio://activemq:61616)?timeout=3000&jms.useCompression=true
19-Mar-2020 21:27:49.684 INFO [main] org.apache.catalina.startup.VersionLoggerListener.log Command line argument: -Ddeployment.method=DOCKER_COMPOSE
19-Mar-2020 21:27:49.688 INFO [main] org.apache.catalina.startup.VersionLoggerListener.log Command line argument: -Dcsrf.filter.enabled=false
19-Mar-2020 21:27:49.689 INFO [main] org.apache.catalina.startup.VersionLoggerListener.log Command line argument: -Dlocal.transform.service.enabled=true
19-Mar-2020 21:27:49.691 INFO [main] org.apache.catalina.startup.VersionLoggerListener.log Command line argument: -DlocalTransform.pdfrenderer.url=http://alfresco-pdf-renderer:8090/
19-Mar-2020 21:27:49.696 INFO [main] org.apache.catalina.startup.VersionLoggerListener.log Command line argument: -DlocalTransform.imagemagick.url=http://imagemagick:8090/
19-Mar-2020 21:27:49.701 INFO [main] org.apache.catalina.startup.VersionLoggerListener.log Command line argument: -DlocalTransform.libreoffice.url=http://libreoffice:8090/
19-Mar-2020 21:27:49.709 INFO [main] org.apache.catalina.startup.VersionLoggerListener.log Command line argument: -DlocalTransform.tika.url=http://tika:8090/
19-Mar-2020 21:27:49.719 INFO [main] org.apache.catalina.startup.VersionLoggerListener.log Command line argument: -DlocalTransform.misc.url=http://transform-misc:8090/
19-Mar-2020 21:27:49.721 INFO [main] org.apache.catalina.startup.VersionLoggerListener.log Command line argument: -Dlegacy.transform.service.enabled=true
19-Mar-2020 21:27:49.731 INFO [main] org.apache.catalina.startup.VersionLoggerListener.log Command line argument: -Dalfresco-pdf-renderer.url=http://alfresco-pdf-renderer:8090/
19-Mar-2020 21:27:49.733 INFO [main] org.apache.catalina.startup.VersionLoggerListener.log Command line argument: -Djodconverter.url=http://libreoffice:8090/
19-Mar-2020 21:27:49.745 INFO [main] org.apache.catalina.startup.VersionLoggerListener.log Command line argument: -Dimg.url=http://imagemagick:8090/
19-Mar-2020 21:27:49.755 INFO [main] org.apache.catalina.startup.VersionLoggerListener.log Command line argument: -Dtika.url=http://tika:8090/
19-Mar-2020 21:27:49.760 INFO [main] org.apache.catalina.startup.VersionLoggerListener.log Command line argument: -Dtransform.misc.url=http://transform-misc:8090/
19-Mar-2020 21:27:49.765 INFO [main] org.apache.catalina.startup.VersionLoggerListener.log Command line argument: -Dcsrf.filter.enabled=false
19-Mar-2020 21:27:49.766 INFO [main] org.apache.catalina.startup.VersionLoggerListener.log Command line argument: -Dalfresco.restApi.basicAuthScheme=true
19-Mar-2020 21:27:49.770 INFO [main] org.apache.catalina.startup.VersionLoggerListener.log Command line argument: -Dauthentication.protection.enabled=false
19-Mar-2020 21:27:49.774 INFO [main] org.apache.catalina.startup.VersionLoggerListener.log Command line argument: -XX:+UseG1GC
19-Mar-2020 21:27:49.778 INFO [main] org.apache.catalina.startup.VersionLoggerListener.log Command line argument: -XX:+UseStringDeduplication
19-Mar-2020 21:27:49.783 INFO [main] org.apache.catalina.startup.VersionLoggerListener.log Command line argument: -Xms1856m
19-Mar-2020 21:27:49.795 INFO [main] org.apache.catalina.startup.VersionLoggerListener.log Command line argument: -Xmx1856m
19-Mar-2020 21:27:49.800 INFO [main] org.apache.catalina.startup.VersionLoggerListener.log Command line argument: -Djdk.tls.ephemeralDHKeySize=2048
19-Mar-2020 21:27:49.809 INFO [main] org.apache.catalina.startup.VersionLoggerListener.log Command line argument: -Djava.protocol.handler.pkgs=org.apache.catalina.webresources
19-Mar-2020 21:27:49.813 INFO [main] org.apache.catalina.startup.VersionLoggerListener.log Command line argument: -Dorg.apache.catalina.security.SecurityListener.UMASK=0027
19-Mar-2020 21:27:49.817 INFO [main] org.apache.catalina.startup.VersionLoggerListener.log Command line argument: -Dignore.endorsed.dirs=
19-Mar-2020 21:27:49.818 INFO [main] org.apache.catalina.startup.VersionLoggerListener.log Command line argument: -Djava.security.manager
19-Mar-2020 21:27:49.822 INFO [main] org.apache.catalina.startup.VersionLoggerListener.log Command line argument: -Djava.security.policy==/usr/local/tomcat/conf/catalina.policy
19-Mar-2020 21:27:49.827 INFO [main] org.apache.catalina.startup.VersionLoggerListener.log Command line argument: -Dcatalina.base=/usr/local/tomcat
19-Mar-2020 21:27:49.830 INFO [main] org.apache.catalina.startup.VersionLoggerListener.log Command line argument: -Dcatalina.home=/usr/local/tomcat
19-Mar-2020 21:27:49.845 INFO [main] org.apache.catalina.startup.VersionLoggerListener.log Command line argument: -Djava.io.tmpdir=/usr/local/tomcat/temp
19-Mar-2020 21:27:49.851 INFO [main] org.apache.catalina.core.AprLifecycleListener.lifecycleEvent Loaded APR based Apache Tomcat Native library [1.2.23] using APR version [1.4.8].
19-Mar-2020 21:27:49.858 INFO [main] org.apache.catalina.core.AprLifecycleListener.lifecycleEvent APR capabilities: IPv6 [true], sendfile [true], accept filters [false], random [true].
19-Mar-2020 21:27:49.872 INFO [main] org.apache.catalina.core.AprLifecycleListener.lifecycleEvent APR/OpenSSL configuration: useAprConnector [false], useOpenSSL [true]
19-Mar-2020 21:27:49.960 INFO [main] org.apache.catalina.core.AprLifecycleListener.initializeSSL OpenSSL successfully initialized [OpenSSL 1.0.2k-fips  26 Jan 2017]
19-Mar-2020 21:27:50.825 INFO [main] org.apache.coyote.AbstractProtocol.init Initializing ProtocolHandler ["http-nio-8080"]
19-Mar-2020 21:27:51.017 INFO [main] org.apache.tomcat.util.net.NioSelectorPool.getSharedSelector Using a shared selector for servlet write/read
19-Mar-2020 21:27:51.422 INFO [main] org.apache.coyote.AbstractProtocol.init Initializing ProtocolHandler ["ajp-nio-8009"]
19-Mar-2020 21:27:51.490 INFO [main] org.apache.tomcat.util.net.NioSelectorPool.getSharedSelector Using a shared selector for servlet write/read
19-Mar-2020 21:27:51.521 INFO [main] org.apache.catalina.startup.Catalina.load Initialization processed in 9098 ms
19-Mar-2020 21:27:52.349 INFO [main] org.apache.catalina.core.StandardService.startInternal Starting service [Catalina]
19-Mar-2020 21:27:52.350 INFO [main] org.apache.catalina.core.StandardEngine.startInternal Starting Servlet Engine: Apache Tomcat/8.5.43
19-Mar-2020 21:27:52.536 INFO [localhost-startStop-1] org.apache.catalina.startup.HostConfig.deployWAR Deploying web application archive [/usr/local/tomcat/webapps/api-explorer.war]
19-Mar-2020 21:27:54.139 INFO [localhost-startStop-1] org.apache.jasper.servlet.TldScanner.scanJars At least one JAR was scanned for TLDs yet contained no TLDs. Enable debug logging for this logger for a complete list of JARs that were scanned but no TLDs were found in them. Skipping unneeded JARs during scanning can improve startup time and JSP compilation time.
19-Mar-2020 21:27:54.310 WARNING [localhost-startStop-1] org.apache.catalina.util.SessionIdGeneratorBase.createSecureRandom Creation of SecureRandom instance for session ID generation using [SHA1PRNG] took [104] milliseconds.
19-Mar-2020 21:27:56.469 INFO [localhost-startStop-1] org.apache.catalina.startup.HostConfig.deployWAR Deployment of web application archive [/usr/local/tomcat/webapps/api-explorer.war] has finished in [3,933] ms
19-Mar-2020 21:27:56.483 INFO [localhost-startStop-1] org.apache.catalina.startup.HostConfig.deployDirectory Deploying web application directory [/usr/local/tomcat/webapps/alfresco]
19-Mar-2020 21:27:57.996 WARNING [localhost-startStop-1] org.apache.juli.ClassLoaderLogManager.readConfiguration Reading /usr/local/tomcat/webapps/alfresco/WEB-INF/classes/logging.properties is not permitted. See "per context logging" in the default catalina.policy file.
19-Mar-2020 21:30:18.986 INFO [main] org.apache.catalina.startup.VersionLoggerListener.log Server version:        Apache Tomcat/8.5.43
19-Mar-2020 21:30:19.044 INFO [main] org.apache.catalina.startup.VersionLoggerListener.log Server built:          Jul 4 2019 20:53:15 UTC
19-Mar-2020 21:30:19.044 INFO [main] org.apache.catalina.startup.VersionLoggerListener.log Server number:         8.5.43.0
19-Mar-2020 21:30:19.073 INFO [main] org.apache.catalina.startup.VersionLoggerListener.log OS Name:               Linux
19-Mar-2020 21:30:19.078 INFO [main] org.apache.catalina.startup.VersionLoggerListener.log OS Version:            4.19.76-linuxkit
19-Mar-2020 21:30:19.080 INFO [main] org.apache.catalina.startup.VersionLoggerListener.log Architecture:          amd64
19-Mar-2020 21:30:19.096 INFO [main] org.apache.catalina.startup.VersionLoggerListener.log Java Home:             /usr/java/jdk-11.0.1
19-Mar-2020 21:30:19.099 INFO [main] org.apache.catalina.startup.VersionLoggerListener.log JVM Version:           11.0.1+13
19-Mar-2020 21:30:19.107 INFO [main] org.apache.catalina.startup.VersionLoggerListener.log JVM Vendor:            Oracle Corporation
19-Mar-2020 21:30:19.109 INFO [main] org.apache.catalina.startup.VersionLoggerListener.log CATALINA_BASE:         /usr/local/tomcat
19-Mar-2020 21:30:19.111 INFO [main] org.apache.catalina.startup.VersionLoggerListener.log CATALINA_HOME:         /usr/local/tomcat
19-Mar-2020 21:30:19.113 INFO [main] org.apache.catalina.startup.VersionLoggerListener.log Command line argument: --add-opens=java.base/java.lang=ALL-UNNAMED
19-Mar-2020 21:30:19.122 INFO [main] org.apache.catalina.startup.VersionLoggerListener.log Command line argument: --add-opens=java.base/java.io=ALL-UNNAMED
19-Mar-2020 21:30:19.126 INFO [main] org.apache.catalina.startup.VersionLoggerListener.log Command line argument: --add-opens=java.rmi/sun.rmi.transport=ALL-UNNAMED
19-Mar-2020 21:30:19.138 INFO [main] org.apache.catalina.startup.VersionLoggerListener.log Command line argument: -Djava.util.logging.config.file=/usr/local/tomcat/conf/logging.properties
19-Mar-2020 21:30:19.140 INFO [main] org.apache.catalina.startup.VersionLoggerListener.log Command line argument: -Djava.util.logging.manager=org.apache.juli.ClassLoaderLogManager
19-Mar-2020 21:30:19.140 INFO [main] org.apache.catalina.startup.VersionLoggerListener.log Command line argument: -Ddb.driver=org.postgresql.Driver
19-Mar-2020 21:30:19.155 INFO [main] org.apache.catalina.startup.VersionLoggerListener.log Command line argument: -Ddb.username=alfresco
19-Mar-2020 21:30:19.173 INFO [main] org.apache.catalina.startup.VersionLoggerListener.log Command line argument: -Ddb.password=alfresco
19-Mar-2020 21:30:19.175 INFO [main] org.apache.catalina.startup.VersionLoggerListener.log Command line argument: -Ddb.driver=org.postgresql.Driver
19-Mar-2020 21:30:19.178 INFO [main] org.apache.catalina.startup.VersionLoggerListener.log Command line argument: -Ddb.url=jdbc:postgresql://postgres:5432/alfresco
19-Mar-2020 21:30:19.183 INFO [main] org.apache.catalina.startup.VersionLoggerListener.log Command line argument: -Dsolr.host=solr6
19-Mar-2020 21:30:19.184 INFO [main] org.apache.catalina.startup.VersionLoggerListener.log Command line argument: -Dsolr.port=8983
19-Mar-2020 21:30:19.187 INFO [main] org.apache.catalina.startup.VersionLoggerListener.log Command line argument: -Dsolr.secureComms=none
19-Mar-2020 21:30:19.188 INFO [main] org.apache.catalina.startup.VersionLoggerListener.log Command line argument: -Dsolr.baseUrl=/solr
19-Mar-2020 21:30:19.188 INFO [main] org.apache.catalina.startup.VersionLoggerListener.log Command line argument: -Dindex.subsystem.name=solr6
19-Mar-2020 21:30:19.188 INFO [main] org.apache.catalina.startup.VersionLoggerListener.log Command line argument: -Dalfresco.host=localhost
19-Mar-2020 21:30:19.188 INFO [main] org.apache.catalina.startup.VersionLoggerListener.log Command line argument: -Dalfresco.port=80
19-Mar-2020 21:30:19.188 INFO [main] org.apache.catalina.startup.VersionLoggerListener.log Command line argument: -Dshare.host=localhost
19-Mar-2020 21:30:19.188 INFO [main] org.apache.catalina.startup.VersionLoggerListener.log Command line argument: -Dshare.port=80
19-Mar-2020 21:30:19.188 INFO [main] org.apache.catalina.startup.VersionLoggerListener.log Command line argument: -Daos.baseUrlOverwrite=http://localhost/alfresco/aos
19-Mar-2020 21:30:19.188 INFO [main] org.apache.catalina.startup.VersionLoggerListener.log Command line argument: -Dmessaging.broker.url=failover:(nio://activemq:61616)?timeout=3000&jms.useCompression=true
19-Mar-2020 21:30:19.189 INFO [main] org.apache.catalina.startup.VersionLoggerListener.log Command line argument: -Ddeployment.method=DOCKER_COMPOSE
19-Mar-2020 21:30:19.189 INFO [main] org.apache.catalina.startup.VersionLoggerListener.log Command line argument: -Dcsrf.filter.enabled=false
19-Mar-2020 21:30:19.189 INFO [main] org.apache.catalina.startup.VersionLoggerListener.log Command line argument: -Dlocal.transform.service.enabled=true
19-Mar-2020 21:30:19.189 INFO [main] org.apache.catalina.startup.VersionLoggerListener.log Command line argument: -DlocalTransform.pdfrenderer.url=http://alfresco-pdf-renderer:8090/
19-Mar-2020 21:30:19.219 INFO [main] org.apache.catalina.startup.VersionLoggerListener.log Command line argument: -DlocalTransform.imagemagick.url=http://imagemagick:8090/
19-Mar-2020 21:30:19.226 INFO [main] org.apache.catalina.startup.VersionLoggerListener.log Command line argument: -DlocalTransform.libreoffice.url=http://libreoffice:8090/
19-Mar-2020 21:30:19.232 INFO [main] org.apache.catalina.startup.VersionLoggerListener.log Command line argument: -DlocalTransform.tika.url=http://tika:8090/
19-Mar-2020 21:30:19.241 INFO [main] org.apache.catalina.startup.VersionLoggerListener.log Command line argument: -DlocalTransform.misc.url=http://transform-misc:8090/
19-Mar-2020 21:30:19.243 INFO [main] org.apache.catalina.startup.VersionLoggerListener.log Command line argument: -Dlegacy.transform.service.enabled=true
19-Mar-2020 21:30:19.252 INFO [main] org.apache.catalina.startup.VersionLoggerListener.log Command line argument: -Dalfresco-pdf-renderer.url=http://alfresco-pdf-renderer:8090/
19-Mar-2020 21:30:19.255 INFO [main] org.apache.catalina.startup.VersionLoggerListener.log Command line argument: -Djodconverter.url=http://libreoffice:8090/
19-Mar-2020 21:30:19.267 INFO [main] org.apache.catalina.startup.VersionLoggerListener.log Command line argument: -Dimg.url=http://imagemagick:8090/
19-Mar-2020 21:30:19.270 INFO [main] org.apache.catalina.startup.VersionLoggerListener.log Command line argument: -Dtika.url=http://tika:8090/
19-Mar-2020 21:30:19.274 INFO [main] org.apache.catalina.startup.VersionLoggerListener.log Command line argument: -Dtransform.misc.url=http://transform-misc:8090/
19-Mar-2020 21:30:19.277 INFO [main] org.apache.catalina.startup.VersionLoggerListener.log Command line argument: -Dcsrf.filter.enabled=false
19-Mar-2020 21:30:19.280 INFO [main] org.apache.catalina.startup.VersionLoggerListener.log Command line argument: -Dalfresco.restApi.basicAuthScheme=true
19-Mar-2020 21:30:19.290 INFO [main] org.apache.catalina.startup.VersionLoggerListener.log Command line argument: -Dauthentication.protection.enabled=false
19-Mar-2020 21:30:19.293 INFO [main] org.apache.catalina.startup.VersionLoggerListener.log Command line argument: -XX:+UseG1GC
19-Mar-2020 21:30:19.298 INFO [main] org.apache.catalina.startup.VersionLoggerListener.log Command line argument: -XX:+UseStringDeduplication
19-Mar-2020 21:30:19.304 INFO [main] org.apache.catalina.startup.VersionLoggerListener.log Command line argument: -Xms1856m
19-Mar-2020 21:30:19.305 INFO [main] org.apache.catalina.startup.VersionLoggerListener.log Command line argument: -Xmx1856m
19-Mar-2020 21:30:19.307 INFO [main] org.apache.catalina.startup.VersionLoggerListener.log Command line argument: -Djdk.tls.ephemeralDHKeySize=2048
19-Mar-2020 21:30:19.319 INFO [main] org.apache.catalina.startup.VersionLoggerListener.log Command line argument: -Djava.protocol.handler.pkgs=org.apache.catalina.webresources
19-Mar-2020 21:30:19.322 INFO [main] org.apache.catalina.startup.VersionLoggerListener.log Command line argument: -Dorg.apache.catalina.security.SecurityListener.UMASK=0027
19-Mar-2020 21:30:19.325 INFO [main] org.apache.catalina.startup.VersionLoggerListener.log Command line argument: -Dignore.endorsed.dirs=
19-Mar-2020 21:30:19.329 INFO [main] org.apache.catalina.startup.VersionLoggerListener.log Command line argument: -Djava.security.manager
19-Mar-2020 21:30:19.334 INFO [main] org.apache.catalina.startup.VersionLoggerListener.log Command line argument: -Djava.security.policy==/usr/local/tomcat/conf/catalina.policy
19-Mar-2020 21:30:19.338 INFO [main] org.apache.catalina.startup.VersionLoggerListener.log Command line argument: -Dcatalina.base=/usr/local/tomcat
19-Mar-2020 21:30:19.342 INFO [main] org.apache.catalina.startup.VersionLoggerListener.log Command line argument: -Dcatalina.home=/usr/local/tomcat
19-Mar-2020 21:30:19.356 INFO [main] org.apache.catalina.startup.VersionLoggerListener.log Command line argument: -Djava.io.tmpdir=/usr/local/tomcat/temp
19-Mar-2020 21:30:19.362 INFO [main] org.apache.catalina.core.AprLifecycleListener.lifecycleEvent Loaded APR based Apache Tomcat Native library [1.2.23] using APR version [1.4.8].
19-Mar-2020 21:30:19.370 INFO [main] org.apache.catalina.core.AprLifecycleListener.lifecycleEvent APR capabilities: IPv6 [true], sendfile [true], accept filters [false], random [true].
19-Mar-2020 21:30:19.383 INFO [main] org.apache.catalina.core.AprLifecycleListener.lifecycleEvent APR/OpenSSL configuration: useAprConnector [false], useOpenSSL [true]
19-Mar-2020 21:30:19.413 INFO [main] org.apache.catalina.core.AprLifecycleListener.initializeSSL OpenSSL successfully initialized [OpenSSL 1.0.2k-fips  26 Jan 2017]
19-Mar-2020 21:30:20.135 INFO [main] org.apache.coyote.AbstractProtocol.init Initializing ProtocolHandler ["http-nio-8080"]
19-Mar-2020 21:30:20.300 INFO [main] org.apache.tomcat.util.net.NioSelectorPool.getSharedSelector Using a shared selector for servlet write/read
19-Mar-2020 21:30:20.548 INFO [main] org.apache.coyote.AbstractProtocol.init Initializing ProtocolHandler ["ajp-nio-8009"]
19-Mar-2020 21:30:20.590 INFO [main] org.apache.tomcat.util.net.NioSelectorPool.getSharedSelector Using a shared selector for servlet write/read
19-Mar-2020 21:30:20.601 INFO [main] org.apache.catalina.startup.Catalina.load Initialization processed in 9063 ms
19-Mar-2020 21:30:21.365 INFO [main] org.apache.catalina.core.StandardService.startInternal Starting service [Catalina]
19-Mar-2020 21:30:21.388 INFO [main] org.apache.catalina.core.StandardEngine.startInternal Starting Servlet Engine: Apache Tomcat/8.5.43
19-Mar-2020 21:30:21.610 INFO [localhost-startStop-1] org.apache.catalina.startup.HostConfig.deployWAR Deploying web application archive [/usr/local/tomcat/webapps/api-explorer.war]
19-Mar-2020 21:30:26.470 INFO [localhost-startStop-1] org.apache.jasper.servlet.TldScanner.scanJars At least one JAR was scanned for TLDs yet contained no TLDs. Enable debug logging for this logger for a complete list of JARs that were scanned but no TLDs were found in them. Skipping unneeded JARs during scanning can improve startup time and JSP compilation time.
19-Mar-2020 21:30:27.175 WARNING [localhost-startStop-1] org.apache.catalina.util.SessionIdGeneratorBase.createSecureRandom Creation of SecureRandom instance for session ID generation using [SHA1PRNG] took [488] milliseconds.
